#
# A fatal error has been detected by the Java Runtime Environment:
#
#  SIGSEGV (0xb) at pc=0x00007f83c8f770ad, pid=98658, tid=98676
#
# JRE version: OpenJDK Runtime Environment (11.0.11+9) (build 11.0.11+9-Ubuntu-0ubuntu2.20.04)
# Java VM: OpenJDK 64-Bit Server VM (11.0.11+9-Ubuntu-0ubuntu2.20.04, mixed mode, sharing, tiered, compressed oops, g1 gc, linux-amd64)
# Problematic frame:
# C  [libjimage.so+0x30ad]
#
# Core dump will be written. Default location: Core dumps may be processed with "/usr/share/apport/apport %p %s %c %d %P %E" (or dumping to /home/rodrigo/Documentos/Dev/FIAP/DDD/ACall-Me/core.98658)
#
# If you would like to submit a bug report, please visit:
#   https://bugs.launchpad.net/ubuntu/+source/openjdk-lts
#

---------------  S U M M A R Y ------------

Command Line: -agentlib:jdwp=transport=dt_socket,suspend=y,address=localhost:38301 -javaagent:/home/rodrigo/.eclipse/360744286_linux_gtk_x86_64/configuration/org.eclipse.osgi/222/0/.cp/lib/javaagent-shaded.jar -Dfile.encoding=UTF-8 me.acall.view.Teste

Host: Intel(R) Core(TM) i5-2400S CPU @ 2.50GHz, 4 cores, 7G, Ubuntu 20.04.2 LTS
Time: Sat May 22 17:29:20 2021 -03 elapsed time: 342.122238 seconds (0d 0h 5m 42s)

---------------  T H R E A D  ---------------

Current thread (0x00007f83c418a000):  JavaThread "Signal Dispatcher" daemon [_thread_in_vm, id=98676, stack(0x00007f839c318000,0x00007f839c419000)]

Stack: [0x00007f839c318000,0x00007f839c419000],  sp=0x00007f839c4161f0,  free space=1016k
Native frames: (J=compiled Java code, A=aot compiled Java code, j=interpreted, Vv=VM code, C=native code)
C  [libjimage.so+0x30ad]
C  [libjimage.so+0x3da2]
C  [libjimage.so+0x4291]  JIMAGE_FindResource+0xf1
V  [libjvm.so+0x5b0731]
V  [libjvm.so+0x5b2ee1]
V  [libjvm.so+0xdea23d]
V  [libjvm.so+0xde8dca]
V  [libjvm.so+0xdeb38b]
V  [libjvm.so+0x6624ce]
V  [libjvm.so+0x850e76]
j  jdk.internal.misc.Signal.dispatch(I)V+25 java.base@11.0.11
v  ~StubRoutines::call_stub
V  [libjvm.so+0x859b69]
V  [libjvm.so+0x858b82]
V  [libjvm.so+0xbc8b4e]
V  [libjvm.so+0xe2105f]
V  [libjvm.so+0xe1d690]
V  [libjvm.so+0xbdac76]

Java frames: (J=compiled Java code, j=interpreted, Vv=VM code)
j  jdk.internal.misc.Signal.dispatch(I)V+25 java.base@11.0.11
v  ~StubRoutines::call_stub

siginfo: si_signo: 11 (SIGSEGV), si_code: 1 (SEGV_MAPERR), si_addr: 0x00007f83bb87e8e0

Register to memory mapping:

RAX=0x0000000000001a31 is an unknown value
RBX=0x00007f839c4162a1 is pointing into the stack for thread: 0x00007f83c418a000
RCX=0x00007f839c4162c3 is pointing into the stack for thread: 0x00007f83c418a000
RDX=0x0000000000001a31 is an unknown value
RSP=0x00007f839c4161f0 is pointing into the stack for thread: 0x00007f83c418a000
RBP=0x00007f839c416210 is pointing into the stack for thread: 0x00007f83c418a000
RSI=0x0 is NULL
RDI=0x00007f83c8f7c030: <offset 0x0000000000008030> in /usr/lib/jvm/java-11-openjdk-amd64/lib/libjimage.so at 0x00007f83c8f74000
R8 =0x00007f83bb87801c is an unknown value
R9 =0x00007f83c418bbb0 points into unknown readable memory: 0x0000000000000002 | 02 00 00 00 00 00 00 00
R10=0x00007f83ca347460: <offset 0x0000000000f45460> in /usr/lib/jvm/java-11-openjdk-amd64/lib/server/libjvm.so at 0x00007f83c9402000
R11=0x00007f83ca8a4210: <offset 0x00000000001b2210> in /lib/x86_64-linux-gnu/libc.so.6 at 0x00007f83ca6f2000
R12=0x000000000000843b is an unknown value
R13=0x00007f839c4162a0 is pointing into the stack for thread: 0x00007f83c418a000
R14=0x0 is NULL
R15=0x00007f83c418aa80 points into unknown readable memory: 0x65746e692f6b646a | 6a 64 6b 2f 69 6e 74 65


Registers:
RAX=0x0000000000001a31, RBX=0x00007f839c4162a1, RCX=0x00007f839c4162c3, RDX=0x0000000000001a31
RSP=0x00007f839c4161f0, RBP=0x00007f839c416210, RSI=0x0000000000000000, RDI=0x00007f83c8f7c030
R8 =0x00007f83bb87801c, R9 =0x00007f83c418bbb0, R10=0x00007f83ca347460, R11=0x00007f83ca8a4210
R12=0x000000000000843b, R13=0x00007f839c4162a0, R14=0x0000000000000000, R15=0x00007f83c418aa80
RIP=0x00007f83c8f770ad, EFLAGS=0x0000000000010246, CSGSFS=0x002b000000000033, ERR=0x0000000000000004
  TRAPNO=0x000000000000000e

Top of Stack: (sp=0x00007f839c4161f0)
0x00007f839c4161f0:   0000000000000000 00007f839c417338
0x00007f839c416200:   00007f83c4009be0 00007f839c4162a0
0x00007f839c416210:   00007f839c416280 00007f83c8f77da2
0x00007f839c416220:   0000000000000000 0000000000000000 

Instructions: (pc=0x00007f83c8f770ad)
0x00007f83c8f76fad:   f3 ff ff 44 03 65 90 e9 3f fe ff ff 0f 1f 80 00
0x00007f83c8f76fbd:   00 00 00 41 8b 10 41 89 55 00 41 8b 54 00 fc 41
0x00007f83c8f76fcd:   89 54 05 fc e9 82 fc ff ff 66 2e 0f 1f 84 00 00
0x00007f83c8f76fdd:   00 00 00 b9 0a 00 00 00 e9 f0 fc ff ff 41 0f b7
0x00007f83c8f76fed:   54 00 fe 66 41 89 54 05 fe e9 5d fc ff ff 0f 1f
0x00007f83c8f76ffd:   44 00 00 f3 0f 1e fa 0f b6 17 89 f0 89 f1 4c 8d
0x00007f83c8f7700d:   47 01 84 d2 74 1c 0f 1f 44 00 00 69 c9 93 01 00
0x00007f83c8f7701d:   01 49 83 c0 01 31 d1 41 0f b6 50 ff 84 d2 75 eb
0x00007f83c8f7702d:   89 c8 25 ff ff ff 7f c3 90 66 2e 0f 1f 84 00 00
0x00007f83c8f7703d:   00 00 00 f3 0f 1e fa 48 85 d2 0f 84 da 00 00 00
0x00007f83c8f7704d:   55 48 89 e5 41 55 41 54 41 89 cc 53 48 83 ec 08
0x00007f83c8f7705d:   85 c9 0f 84 ba 00 00 00 49 89 f5 48 8d 5e 01 0f
0x00007f83c8f7706d:   b6 36 49 89 d0 40 84 f6 0f 84 9d 00 00 00 48 89
0x00007f83c8f7707d:   d9 b8 93 01 00 01 0f 1f 44 00 00 69 d0 93 01 00
0x00007f83c8f7708d:   01 48 83 c1 01 40 0f b6 c6 0f b6 71 ff 31 d0 40
0x00007f83c8f7709d:   84 f6 75 e7 25 ff ff ff 7f 31 d2 41 f7 f4 89 d0
0x00007f83c8f770ad:   41 8b 34 80 48 8b 07 ff 50 20 85 c0 7f 15 74 62
0x00007f83c8f770bd:   f7 d0 41 89 c0 48 83 c4 08 44 89 c0 5b 41 5c 41
0x00007f83c8f770cd:   5d 5d c3 41 0f b6 4d 00 89 c6 84 c9 74 1b 0f 1f
0x00007f83c8f770dd:   44 00 00 69 f6 93 01 00 01 48 83 c3 01 31 ce 0f
0x00007f83c8f770ed:   b6 4b ff 84 c9 75 ec 89 f0 25 ff ff ff 7f 31 d2
0x00007f83c8f770fd:   48 83 c4 08 41 f7 f4 5b 41 5c 41 5d 5d 41 89 d0
0x00007f83c8f7710d:   44 89 c0 c3 0f 1f 80 00 00 00 00 b8 93 01 00 01
0x00007f83c8f7711d:   eb 87 41 b8 ff ff ff ff eb 9b 41 83 c8 ff 44 89
0x00007f83c8f7712d:   c0 c3 90 f3 0f 1e fa eb 1d 66 2e 0f 1f 84 00 00
0x00007f83c8f7713d:   00 00 00 0f b6 16 84 d2 74 13 38 c2 75 15 48 83
0x00007f83c8f7714d:   c7 01 48 83 c6 01 0f b6 07 84 c0 75 e6 48 89 f8
0x00007f83c8f7715d:   c3 66 90 31 c0 c3 90 66 66 2e 0f 1f 84 00 00 00
0x00007f83c8f7716d:   00 00 90 f3 0f 1e fa 48 85 f6 74 51 0f b6 06 84
0x00007f83c8f7717d:   c0 74 4a 0f b6 d0 83 e0 07 c1 fa 03 44 8d 50 01
0x00007f83c8f7718d:   0f b6 c0 41 89 d1 4c 8d 44 06 02 48 8d 56 01 31
0x00007f83c8f7719d:   c0 66 90 0f b6 0a 48 c1 e0 08 48 83 c2 01 48 09 


Stack slot to memory mapping:
stack at sp + 0 slots: 0x0 is NULL
stack at sp + 1 slots: 0x00007f839c417338 is pointing into the stack for thread: 0x00007f83c418a000
stack at sp + 2 slots: 0x00007f83c4009be0 points into unknown readable memory: 0x00007f83680080c0 | c0 80 00 68 83 7f 00 00
stack at sp + 3 slots: 0x00007f839c4162a0 is pointing into the stack for thread: 0x00007f83c418a000
stack at sp + 4 slots: 0x00007f839c416280 is pointing into the stack for thread: 0x00007f83c418a000
stack at sp + 5 slots: 0x00007f83c8f77da2: <offset 0x0000000000003da2> in /usr/lib/jvm/java-11-openjdk-amd64/lib/libjimage.so at 0x00007f83c8f74000
stack at sp + 6 slots: 0x0 is NULL
stack at sp + 7 slots: 0x0 is NULL


---------------  P R O C E S S  ---------------

Threads class SMR info:
_java_thread_list=0x00007f8360001b40, length=16, elements={
0x00007f83c4018000, 0x00007f83c417a800, 0x00007f83c4184800, 0x00007f83c418a000,
0x00007f83c418c000, 0x00007f83c418e000, 0x00007f83c4190800, 0x00007f83c4192800,
0x00007f83c41c0000, 0x00007f83c4211800, 0x00007f83c4215800, 0x00007f83c43f5000,
0x00007f83c43f7000, 0x00007f832c014000, 0x00007f83c44ae800, 0x00007f83c4509800
}

Java Threads: ( => current thread )
  0x00007f83c4018000 JavaThread "main" [_thread_blocked, id=98667, stack(0x00007f83c8fb6000,0x00007f83c90b7000)]
  0x00007f83c417a800 JavaThread "Reference Handler" daemon [_thread_blocked, id=98674, stack(0x00007f839d2f8000,0x00007f839d3f9000)]
  0x00007f83c4184800 JavaThread "Finalizer" daemon [_thread_blocked, id=98675, stack(0x00007f839d1f7000,0x00007f839d2f8000)]
=>0x00007f83c418a000 JavaThread "Signal Dispatcher" daemon [_thread_in_vm, id=98676, stack(0x00007f839c318000,0x00007f839c419000)]
  0x00007f83c418c000 JavaThread "Service Thread" daemon [_thread_blocked, id=98677, stack(0x00007f839c217000,0x00007f839c318000)]
  0x00007f83c418e000 JavaThread "C2 CompilerThread0" daemon [_thread_blocked, id=98678, stack(0x00007f839c116000,0x00007f839c217000)]
  0x00007f83c4190800 JavaThread "C1 CompilerThread0" daemon [_thread_blocked, id=98679, stack(0x00007f839c015000,0x00007f839c116000)]
  0x00007f83c4192800 JavaThread "Sweeper thread" daemon [_thread_blocked, id=98680, stack(0x00007f8373eff000,0x00007f8374000000)]
  0x00007f83c41c0000 JavaThread "Common-Cleaner" daemon [_thread_blocked, id=98681, stack(0x00007f8373dfe000,0x00007f8373eff000)]
  0x00007f83c4211800 JavaThread "JDWP Transport Listener: dt_socket" daemon [_thread_in_native, id=98683, stack(0x00007f8373cfd000,0x00007f8373dfe000)]
  0x00007f83c4215800 JavaThread "JDWP Event Helper Thread" daemon [_thread_blocked, id=98686, stack(0x00007f8373bfc000,0x00007f8373cfd000)]
  0x00007f83c43f5000 JavaThread "Java2D Disposer" daemon [_thread_blocked, id=98694, stack(0x00007f8371198000,0x00007f8371299000)]
  0x00007f83c43f7000 JavaThread "AWT-XAWT" daemon [_thread_in_native, id=98695, stack(0x00007f8371097000,0x00007f8371198000)]
  0x00007f832c014000 JavaThread "TimerQueue" daemon [_thread_blocked, id=98701, stack(0x00007f837068f000,0x00007f8370790000)]
  0x00007f83c44ae800 JavaThread "AWT-Shutdown" [_thread_blocked, id=98778, stack(0x00007f8370990000,0x00007f8370a91000)]
  0x00007f83c4509800 JavaThread "AWT-EventQueue-0" [_thread_blocked, id=98779, stack(0x00007f8370a91000,0x00007f8370b92000)]

Other Threads:
  0x00007f83c4177800 VMThread "VM Thread" [stack: 0x00007f839d3fb000,0x00007f839d4fb000] [id=98673]
  0x00007f83c42b1000 WatcherThread [stack: 0x00007f83739fb000,0x00007f8373afb000] [id=98690]
  0x00007f83c402f800 GCTaskThread "GC Thread#0" [stack: 0x00007f83c8c1d000,0x00007f83c8d1d000] [id=98668]
  0x00007f8390001000 GCTaskThread "GC Thread#1" [stack: 0x00007f8370f97000,0x00007f8371097000] [id=98696]
  0x00007f8390002800 GCTaskThread "GC Thread#2" [stack: 0x00007f8370e95000,0x00007f8370f95000] [id=98697]
  0x00007f83c4061000 ConcurrentGCThread "G1 Main Marker" [stack: 0x00007f83ac397000,0x00007f83ac497000] [id=98669]
  0x00007f83c4063000 ConcurrentGCThread "G1 Conc#0" [stack: 0x00007f83ac295000,0x00007f83ac395000] [id=98670]
  0x00007f83c40dd800 ConcurrentGCThread "G1 Refine#0" [stack: 0x00007f839ddff000,0x00007f839deff000] [id=98671]
  0x00007f83c40df000 ConcurrentGCThread "G1 Young RemSet Sampling" [stack: 0x00007f839dcfd000,0x00007f839ddfd000] [id=98672]

Threads with active compile tasks:

VM state:not at safepoint (normal execution)

VM Mutex/Monitor currently owned by a thread: None

Heap address: 0x0000000083e00000, size: 1986 MB, Compressed Oops mode: 32-bit
Narrow klass base: 0x0000000800000000, Narrow klass shift: 3
Compressed class space size: 1073741824 Address: 0x0000000840000000

Heap:
 garbage-first heap   total 131072K, used 24505K [0x0000000083e00000, 0x0000000100000000)
  region size 1024K, 25 young (25600K), 2 survivors (2048K)
 Metaspace       used 14920K, capacity 15503K, committed 15744K, reserved 1062912K
  class space    used 1575K, capacity 1837K, committed 1920K, reserved 1048576K
Heap Regions: E=young(eden), S=young(survivor), O=old, HS=humongous(starts), HC=humongous(continues), CS=collection set, F=free, A=archive, TAMS=top-at-mark-start (previous, next)
|   0|0x0000000083e00000, 0x0000000083e3c600, 0x0000000083f00000| 23%| O|  |TAMS 0x0000000083e00000, 0x0000000083e00000| Untracked 
|   1|0x0000000083f00000, 0x0000000083f00000, 0x0000000084000000|  0%| F|  |TAMS 0x0000000083f00000, 0x0000000083f00000| Untracked 
|   2|0x0000000084000000, 0x0000000084000000, 0x0000000084100000|  0%| F|  |TAMS 0x0000000084000000, 0x0000000084000000| Untracked 
|   3|0x0000000084100000, 0x0000000084100000, 0x0000000084200000|  0%| F|  |TAMS 0x0000000084100000, 0x0000000084100000| Untracked 
|   4|0x0000000084200000, 0x0000000084200000, 0x0000000084300000|  0%| F|  |TAMS 0x0000000084200000, 0x0000000084200000| Untracked 
|   5|0x0000000084300000, 0x0000000084300000, 0x0000000084400000|  0%| F|  |TAMS 0x0000000084300000, 0x0000000084300000| Untracked 
|   6|0x0000000084400000, 0x0000000084400000, 0x0000000084500000|  0%| F|  |TAMS 0x0000000084400000, 0x0000000084400000| Untracked 
|   7|0x0000000084500000, 0x0000000084500000, 0x0000000084600000|  0%| F|  |TAMS 0x0000000084500000, 0x0000000084500000| Untracked 
|   8|0x0000000084600000, 0x0000000084600000, 0x0000000084700000|  0%| F|  |TAMS 0x0000000084600000, 0x0000000084600000| Untracked 
|   9|0x0000000084700000, 0x0000000084700000, 0x0000000084800000|  0%| F|  |TAMS 0x0000000084700000, 0x0000000084700000| Untracked 
|  10|0x0000000084800000, 0x0000000084800000, 0x0000000084900000|  0%| F|  |TAMS 0x0000000084800000, 0x0000000084800000| Untracked 
|  11|0x0000000084900000, 0x0000000084900000, 0x0000000084a00000|  0%| F|  |TAMS 0x0000000084900000, 0x0000000084900000| Untracked 
|  12|0x0000000084a00000, 0x0000000084a00000, 0x0000000084b00000|  0%| F|  |TAMS 0x0000000084a00000, 0x0000000084a00000| Untracked 
|  13|0x0000000084b00000, 0x0000000084b00000, 0x0000000084c00000|  0%| F|  |TAMS 0x0000000084b00000, 0x0000000084b00000| Untracked 
|  14|0x0000000084c00000, 0x0000000084c00000, 0x0000000084d00000|  0%| F|  |TAMS 0x0000000084c00000, 0x0000000084c00000| Untracked 
|  15|0x0000000084d00000, 0x0000000084d00000, 0x0000000084e00000|  0%| F|  |TAMS 0x0000000084d00000, 0x0000000084d00000| Untracked 
|  16|0x0000000084e00000, 0x0000000084e00000, 0x0000000084f00000|  0%| F|  |TAMS 0x0000000084e00000, 0x0000000084e00000| Untracked 
|  17|0x0000000084f00000, 0x0000000084f00000, 0x0000000085000000|  0%| F|  |TAMS 0x0000000084f00000, 0x0000000084f00000| Untracked 
|  18|0x0000000085000000, 0x0000000085000000, 0x0000000085100000|  0%| F|  |TAMS 0x0000000085000000, 0x0000000085000000| Untracked 
|  19|0x0000000085100000, 0x0000000085100000, 0x0000000085200000|  0%| F|  |TAMS 0x0000000085100000, 0x0000000085100000| Untracked 
|  20|0x0000000085200000, 0x0000000085200000, 0x0000000085300000|  0%| F|  |TAMS 0x0000000085200000, 0x0000000085200000| Untracked 
|  21|0x0000000085300000, 0x0000000085300000, 0x0000000085400000|  0%| F|  |TAMS 0x0000000085300000, 0x0000000085300000| Untracked 
|  22|0x0000000085400000, 0x0000000085400000, 0x0000000085500000|  0%| F|  |TAMS 0x0000000085400000, 0x0000000085400000| Untracked 
|  23|0x0000000085500000, 0x0000000085500000, 0x0000000085600000|  0%| F|  |TAMS 0x0000000085500000, 0x0000000085500000| Untracked 
|  24|0x0000000085600000, 0x0000000085600000, 0x0000000085700000|  0%| F|  |TAMS 0x0000000085600000, 0x0000000085600000| Untracked 
|  25|0x0000000085700000, 0x0000000085700000, 0x0000000085800000|  0%| F|  |TAMS 0x0000000085700000, 0x0000000085700000| Untracked 
|  26|0x0000000085800000, 0x0000000085800000, 0x0000000085900000|  0%| F|  |TAMS 0x0000000085800000, 0x0000000085800000| Untracked 
|  27|0x0000000085900000, 0x0000000085900000, 0x0000000085a00000|  0%| F|  |TAMS 0x0000000085900000, 0x0000000085900000| Untracked 
|  28|0x0000000085a00000, 0x0000000085a00000, 0x0000000085b00000|  0%| F|  |TAMS 0x0000000085a00000, 0x0000000085a00000| Untracked 
|  29|0x0000000085b00000, 0x0000000085b00000, 0x0000000085c00000|  0%| F|  |TAMS 0x0000000085b00000, 0x0000000085b00000| Untracked 
|  30|0x0000000085c00000, 0x0000000085c00000, 0x0000000085d00000|  0%| F|  |TAMS 0x0000000085c00000, 0x0000000085c00000| Untracked 
|  31|0x0000000085d00000, 0x0000000085d00000, 0x0000000085e00000|  0%| F|  |TAMS 0x0000000085d00000, 0x0000000085d00000| Untracked 
|  32|0x0000000085e00000, 0x0000000085e00000, 0x0000000085f00000|  0%| F|  |TAMS 0x0000000085e00000, 0x0000000085e00000| Untracked 
|  33|0x0000000085f00000, 0x0000000085f00000, 0x0000000086000000|  0%| F|  |TAMS 0x0000000085f00000, 0x0000000085f00000| Untracked 
|  34|0x0000000086000000, 0x0000000086000000, 0x0000000086100000|  0%| F|  |TAMS 0x0000000086000000, 0x0000000086000000| Untracked 
|  35|0x0000000086100000, 0x0000000086100000, 0x0000000086200000|  0%| F|  |TAMS 0x0000000086100000, 0x0000000086100000| Untracked 
|  36|0x0000000086200000, 0x0000000086200000, 0x0000000086300000|  0%| F|  |TAMS 0x0000000086200000, 0x0000000086200000| Untracked 
|  37|0x0000000086300000, 0x0000000086300000, 0x0000000086400000|  0%| F|  |TAMS 0x0000000086300000, 0x0000000086300000| Untracked 
|  38|0x0000000086400000, 0x0000000086400000, 0x0000000086500000|  0%| F|  |TAMS 0x0000000086400000, 0x0000000086400000| Untracked 
|  39|0x0000000086500000, 0x0000000086500000, 0x0000000086600000|  0%| F|  |TAMS 0x0000000086500000, 0x0000000086500000| Untracked 
|  40|0x0000000086600000, 0x0000000086600000, 0x0000000086700000|  0%| F|  |TAMS 0x0000000086600000, 0x0000000086600000| Untracked 
|  41|0x0000000086700000, 0x0000000086700000, 0x0000000086800000|  0%| F|  |TAMS 0x0000000086700000, 0x0000000086700000| Untracked 
|  42|0x0000000086800000, 0x0000000086800000, 0x0000000086900000|  0%| F|  |TAMS 0x0000000086800000, 0x0000000086800000| Untracked 
|  43|0x0000000086900000, 0x0000000086900000, 0x0000000086a00000|  0%| F|  |TAMS 0x0000000086900000, 0x0000000086900000| Untracked 
|  44|0x0000000086a00000, 0x0000000086a00000, 0x0000000086b00000|  0%| F|  |TAMS 0x0000000086a00000, 0x0000000086a00000| Untracked 
|  45|0x0000000086b00000, 0x0000000086b00000, 0x0000000086c00000|  0%| F|  |TAMS 0x0000000086b00000, 0x0000000086b00000| Untracked 
|  46|0x0000000086c00000, 0x0000000086c00000, 0x0000000086d00000|  0%| F|  |TAMS 0x0000000086c00000, 0x0000000086c00000| Untracked 
|  47|0x0000000086d00000, 0x0000000086d00000, 0x0000000086e00000|  0%| F|  |TAMS 0x0000000086d00000, 0x0000000086d00000| Untracked 
|  48|0x0000000086e00000, 0x0000000086e00000, 0x0000000086f00000|  0%| F|  |TAMS 0x0000000086e00000, 0x0000000086e00000| Untracked 
|  49|0x0000000086f00000, 0x0000000086f00000, 0x0000000087000000|  0%| F|  |TAMS 0x0000000086f00000, 0x0000000086f00000| Untracked 
|  50|0x0000000087000000, 0x0000000087000000, 0x0000000087100000|  0%| F|  |TAMS 0x0000000087000000, 0x0000000087000000| Untracked 
|  51|0x0000000087100000, 0x0000000087100000, 0x0000000087200000|  0%| F|  |TAMS 0x0000000087100000, 0x0000000087100000| Untracked 
|  52|0x0000000087200000, 0x0000000087200000, 0x0000000087300000|  0%| F|  |TAMS 0x0000000087200000, 0x0000000087200000| Untracked 
|  53|0x0000000087300000, 0x0000000087300000, 0x0000000087400000|  0%| F|  |TAMS 0x0000000087300000, 0x0000000087300000| Untracked 
|  54|0x0000000087400000, 0x0000000087400000, 0x0000000087500000|  0%| F|  |TAMS 0x0000000087400000, 0x0000000087400000| Untracked 
|  55|0x0000000087500000, 0x0000000087500000, 0x0000000087600000|  0%| F|  |TAMS 0x0000000087500000, 0x0000000087500000| Untracked 
|  56|0x0000000087600000, 0x0000000087600000, 0x0000000087700000|  0%| F|  |TAMS 0x0000000087600000, 0x0000000087600000| Untracked 
|  57|0x0000000087700000, 0x0000000087700000, 0x0000000087800000|  0%| F|  |TAMS 0x0000000087700000, 0x0000000087700000| Untracked 
|  58|0x0000000087800000, 0x0000000087800000, 0x0000000087900000|  0%| F|  |TAMS 0x0000000087800000, 0x0000000087800000| Untracked 
|  59|0x0000000087900000, 0x0000000087900000, 0x0000000087a00000|  0%| F|  |TAMS 0x0000000087900000, 0x0000000087900000| Untracked 
|  60|0x0000000087a00000, 0x0000000087a00000, 0x0000000087b00000|  0%| F|  |TAMS 0x0000000087a00000, 0x0000000087a00000| Untracked 
|  61|0x0000000087b00000, 0x0000000087b00000, 0x0000000087c00000|  0%| F|  |TAMS 0x0000000087b00000, 0x0000000087b00000| Untracked 
|  62|0x0000000087c00000, 0x0000000087c00000, 0x0000000087d00000|  0%| F|  |TAMS 0x0000000087c00000, 0x0000000087c00000| Untracked 
|  63|0x0000000087d00000, 0x0000000087d00000, 0x0000000087e00000|  0%| F|  |TAMS 0x0000000087d00000, 0x0000000087d00000| Untracked 
|  64|0x0000000087e00000, 0x0000000087e00000, 0x0000000087f00000|  0%| F|  |TAMS 0x0000000087e00000, 0x0000000087e00000| Untracked 
|  65|0x0000000087f00000, 0x0000000087f00000, 0x0000000088000000|  0%| F|  |TAMS 0x0000000087f00000, 0x0000000087f00000| Untracked 
|  66|0x0000000088000000, 0x0000000088000000, 0x0000000088100000|  0%| F|  |TAMS 0x0000000088000000, 0x0000000088000000| Untracked 
|  67|0x0000000088100000, 0x0000000088100000, 0x0000000088200000|  0%| F|  |TAMS 0x0000000088100000, 0x0000000088100000| Untracked 
|  68|0x0000000088200000, 0x0000000088200000, 0x0000000088300000|  0%| F|  |TAMS 0x0000000088200000, 0x0000000088200000| Untracked 
|  69|0x0000000088300000, 0x0000000088300000, 0x0000000088400000|  0%| F|  |TAMS 0x0000000088300000, 0x0000000088300000| Untracked 
|  70|0x0000000088400000, 0x0000000088400000, 0x0000000088500000|  0%| F|  |TAMS 0x0000000088400000, 0x0000000088400000| Untracked 
|  71|0x0000000088500000, 0x0000000088500000, 0x0000000088600000|  0%| F|  |TAMS 0x0000000088500000, 0x0000000088500000| Untracked 
|  72|0x0000000088600000, 0x0000000088600000, 0x0000000088700000|  0%| F|  |TAMS 0x0000000088600000, 0x0000000088600000| Untracked 
|  73|0x0000000088700000, 0x0000000088700000, 0x0000000088800000|  0%| F|  |TAMS 0x0000000088700000, 0x0000000088700000| Untracked 
|  74|0x0000000088800000, 0x0000000088800000, 0x0000000088900000|  0%| F|  |TAMS 0x0000000088800000, 0x0000000088800000| Untracked 
|  75|0x0000000088900000, 0x0000000088900000, 0x0000000088a00000|  0%| F|  |TAMS 0x0000000088900000, 0x0000000088900000| Untracked 
|  76|0x0000000088a00000, 0x0000000088a00000, 0x0000000088b00000|  0%| F|  |TAMS 0x0000000088a00000, 0x0000000088a00000| Untracked 
|  77|0x0000000088b00000, 0x0000000088b00000, 0x0000000088c00000|  0%| F|  |TAMS 0x0000000088b00000, 0x0000000088b00000| Untracked 
|  78|0x0000000088c00000, 0x0000000088c00000, 0x0000000088d00000|  0%| F|  |TAMS 0x0000000088c00000, 0x0000000088c00000| Untracked 
|  79|0x0000000088d00000, 0x0000000088d00000, 0x0000000088e00000|  0%| F|  |TAMS 0x0000000088d00000, 0x0000000088d00000| Untracked 
|  80|0x0000000088e00000, 0x0000000088e00000, 0x0000000088f00000|  0%| F|  |TAMS 0x0000000088e00000, 0x0000000088e00000| Untracked 
|  81|0x0000000088f00000, 0x0000000088f00000, 0x0000000089000000|  0%| F|  |TAMS 0x0000000088f00000, 0x0000000088f00000| Untracked 
|  82|0x0000000089000000, 0x0000000089000000, 0x0000000089100000|  0%| F|  |TAMS 0x0000000089000000, 0x0000000089000000| Untracked 
|  83|0x0000000089100000, 0x0000000089100000, 0x0000000089200000|  0%| F|  |TAMS 0x0000000089100000, 0x0000000089100000| Untracked 
|  84|0x0000000089200000, 0x0000000089200000, 0x0000000089300000|  0%| F|  |TAMS 0x0000000089200000, 0x0000000089200000| Untracked 
|  85|0x0000000089300000, 0x0000000089300000, 0x0000000089400000|  0%| F|  |TAMS 0x0000000089300000, 0x0000000089300000| Untracked 
|  86|0x0000000089400000, 0x0000000089400000, 0x0000000089500000|  0%| F|  |TAMS 0x0000000089400000, 0x0000000089400000| Untracked 
|  87|0x0000000089500000, 0x0000000089500000, 0x0000000089600000|  0%| F|  |TAMS 0x0000000089500000, 0x0000000089500000| Untracked 
|  88|0x0000000089600000, 0x0000000089600000, 0x0000000089700000|  0%| F|  |TAMS 0x0000000089600000, 0x0000000089600000| Untracked 
|  89|0x0000000089700000, 0x0000000089700000, 0x0000000089800000|  0%| F|  |TAMS 0x0000000089700000, 0x0000000089700000| Untracked 
|  90|0x0000000089800000, 0x0000000089800000, 0x0000000089900000|  0%| F|  |TAMS 0x0000000089800000, 0x0000000089800000| Untracked 
|  91|0x0000000089900000, 0x0000000089900000, 0x0000000089a00000|  0%| F|  |TAMS 0x0000000089900000, 0x0000000089900000| Untracked 
|  92|0x0000000089a00000, 0x0000000089a00000, 0x0000000089b00000|  0%| F|  |TAMS 0x0000000089a00000, 0x0000000089a00000| Untracked 
|  93|0x0000000089b00000, 0x0000000089b00000, 0x0000000089c00000|  0%| F|  |TAMS 0x0000000089b00000, 0x0000000089b00000| Untracked 
|  94|0x0000000089c00000, 0x0000000089c00000, 0x0000000089d00000|  0%| F|  |TAMS 0x0000000089c00000, 0x0000000089c00000| Untracked 
|  95|0x0000000089d00000, 0x0000000089d00000, 0x0000000089e00000|  0%| F|  |TAMS 0x0000000089d00000, 0x0000000089d00000| Untracked 
|  96|0x0000000089e00000, 0x0000000089e00000, 0x0000000089f00000|  0%| F|  |TAMS 0x0000000089e00000, 0x0000000089e00000| Untracked 
|  97|0x0000000089f00000, 0x0000000089f00000, 0x000000008a000000|  0%| F|  |TAMS 0x0000000089f00000, 0x0000000089f00000| Untracked 
|  98|0x000000008a000000, 0x000000008a000000, 0x000000008a100000|  0%| F|  |TAMS 0x000000008a000000, 0x000000008a000000| Untracked 
|  99|0x000000008a100000, 0x000000008a100000, 0x000000008a200000|  0%| F|  |TAMS 0x000000008a100000, 0x000000008a100000| Untracked 
| 100|0x000000008a200000, 0x000000008a200000, 0x000000008a300000|  0%| F|  |TAMS 0x000000008a200000, 0x000000008a200000| Untracked 
| 101|0x000000008a300000, 0x000000008a3fd180, 0x000000008a400000| 98%| E|  |TAMS 0x000000008a300000, 0x000000008a300000| Complete 
| 102|0x000000008a400000, 0x000000008a500000, 0x000000008a500000|100%| E|CS|TAMS 0x000000008a400000, 0x000000008a400000| Complete 
| 103|0x000000008a500000, 0x000000008a600000, 0x000000008a600000|100%| E|CS|TAMS 0x000000008a500000, 0x000000008a500000| Complete 
| 104|0x000000008a600000, 0x000000008a700000, 0x000000008a700000|100%| E|CS|TAMS 0x000000008a600000, 0x000000008a600000| Complete 
| 105|0x000000008a700000, 0x000000008a800000, 0x000000008a800000|100%| E|CS|TAMS 0x000000008a700000, 0x000000008a700000| Complete 
| 106|0x000000008a800000, 0x000000008a900000, 0x000000008a900000|100%| E|CS|TAMS 0x000000008a800000, 0x000000008a800000| Complete 
| 107|0x000000008a900000, 0x000000008aa00000, 0x000000008aa00000|100%| E|CS|TAMS 0x000000008a900000, 0x000000008a900000| Complete 
| 108|0x000000008aa00000, 0x000000008ab00000, 0x000000008ab00000|100%| E|CS|TAMS 0x000000008aa00000, 0x000000008aa00000| Complete 
| 109|0x000000008ab00000, 0x000000008ac00000, 0x000000008ac00000|100%| E|CS|TAMS 0x000000008ab00000, 0x000000008ab00000| Complete 
| 110|0x000000008ac00000, 0x000000008ad00000, 0x000000008ad00000|100%| S|CS|TAMS 0x000000008ac00000, 0x000000008ac00000| Complete 
| 111|0x000000008ad00000, 0x000000008ae00000, 0x000000008ae00000|100%| S|CS|TAMS 0x000000008ad00000, 0x000000008ad00000| Complete 
| 112|0x000000008ae00000, 0x000000008af00000, 0x000000008af00000|100%| E|CS|TAMS 0x000000008ae00000, 0x000000008ae00000| Complete 
| 113|0x000000008af00000, 0x000000008b000000, 0x000000008b000000|100%| E|CS|TAMS 0x000000008af00000, 0x000000008af00000| Complete 
| 114|0x000000008b000000, 0x000000008b100000, 0x000000008b100000|100%| E|CS|TAMS 0x000000008b000000, 0x000000008b000000| Complete 
| 115|0x000000008b100000, 0x000000008b200000, 0x000000008b200000|100%| E|CS|TAMS 0x000000008b100000, 0x000000008b100000| Complete 
| 116|0x000000008b200000, 0x000000008b300000, 0x000000008b300000|100%| E|CS|TAMS 0x000000008b200000, 0x000000008b200000| Complete 
| 117|0x000000008b300000, 0x000000008b400000, 0x000000008b400000|100%| E|CS|TAMS 0x000000008b300000, 0x000000008b300000| Complete 
| 118|0x000000008b400000, 0x000000008b500000, 0x000000008b500000|100%| E|CS|TAMS 0x000000008b400000, 0x000000008b400000| Complete 
| 119|0x000000008b500000, 0x000000008b600000, 0x000000008b600000|100%| E|CS|TAMS 0x000000008b500000, 0x000000008b500000| Complete 
| 120|0x000000008b600000, 0x000000008b700000, 0x000000008b700000|100%| E|CS|TAMS 0x000000008b600000, 0x000000008b600000| Complete 
| 121|0x000000008b700000, 0x000000008b800000, 0x000000008b800000|100%| E|CS|TAMS 0x000000008b700000, 0x000000008b700000| Complete 
| 122|0x000000008b800000, 0x000000008b900000, 0x000000008b900000|100%| E|CS|TAMS 0x000000008b800000, 0x000000008b800000| Complete 
| 123|0x000000008b900000, 0x000000008ba00000, 0x000000008ba00000|100%| E|CS|TAMS 0x000000008b900000, 0x000000008b900000| Complete 
| 124|0x000000008ba00000, 0x000000008bb00000, 0x000000008bb00000|100%| E|CS|TAMS 0x000000008ba00000, 0x000000008ba00000| Complete 
| 125|0x000000008bb00000, 0x000000008bc00000, 0x000000008bc00000|100%| E|  |TAMS 0x000000008bb00000, 0x000000008bb00000| Complete 
|1984|0x00000000ffe00000, 0x00000000ffe47000, 0x00000000fff00000| 27%|OA|  |TAMS 0x00000000ffe00000, 0x00000000ffe00000| Untracked 
|1985|0x00000000fff00000, 0x00000000fff6b000, 0x0000000100000000| 41%|CA|  |TAMS 0x00000000fff00000, 0x00000000fff00000| Untracked 

Card table byte_map: [0x00007f83c8055000,0x00007f83c8436000] _byte_map_base: 0x00007f83c7c36000

Marking Bits (Prev, Next): (CMBitMap*) 0x00007f83c4058688, (CMBitMap*) 0x00007f83c40586c0
 Prev Bits: [0x00007f83a60f8000, 0x00007f83a8000000)
 Next Bits: [0x00007f83a41f0000, 0x00007f83a60f8000)

Polling page: 0x00007f83c8f72000

Metaspace:

Usage:
  Non-class:     13,35 MB capacity,    13,03 MB ( 98%) used,   256,39 KB (  2%) free+waste,    64,38 KB ( <1%) overhead. 
      Class:      1,79 MB capacity,     1,54 MB ( 86%) used,   227,62 KB ( 12%) free+waste,    34,00 KB (  2%) overhead. 
       Both:     15,14 MB capacity,    14,57 MB ( 96%) used,   484,02 KB (  3%) free+waste,    98,38 KB ( <1%) overhead. 

Virtual space:
  Non-class space:       14,00 MB reserved,      13,50 MB ( 96%) committed 
      Class space:        1,00 GB reserved,       1,88 MB ( <1%) committed 
             Both:        1,01 GB reserved,      15,38 MB (  1%) committed 

Chunk freelists:
   Non-Class:  34,00 KB
       Class:  0 bytes
        Both:  34,00 KB

MaxMetaspaceSize: unlimited
CompressedClassSpaceSize: 1,00 GB

CodeHeap 'non-profiled nmethods': size=120032Kb used=924Kb max_used=924Kb free=119107Kb
 bounds [0x00007f83b4340000, 0x00007f83b45b0000, 0x00007f83bb878000]
CodeHeap 'profiled nmethods': size=120032Kb used=5434Kb max_used=5434Kb free=114597Kb
 bounds [0x00007f83ace08000, 0x00007f83ad358000, 0x00007f83b4340000]
CodeHeap 'non-nmethods': size=5696Kb used=1351Kb max_used=1414Kb free=4344Kb
 bounds [0x00007f83ac878000, 0x00007f83acae8000, 0x00007f83ace08000]
 total_blobs=3302 nmethods=2601 adapters=619
 compilation: enabled
              stopped_count=0, restarted_count=0
 full_count=0

Compilation events (20 events):
Event: 324,280 Thread 0x00007f83c4190800 2596       3       javax.swing.SwingUtilities::invokeLater (5 bytes)
Event: 324,281 Thread 0x00007f83c4190800 nmethod 2596 0x00007f83ad350c10 code [0x00007f83ad350e60, 0x00007f83ad351560]
Event: 325,781 Thread 0x00007f83c4190800 2597       3       javax.swing.text.JTextComponent::getUI (8 bytes)
Event: 325,781 Thread 0x00007f83c4190800 nmethod 2597 0x00007f83ad351890 code [0x00007f83ad351a40, 0x00007f83ad351c70]
Event: 328,282 Thread 0x00007f83c4190800 2598       3       javax.swing.border.AbstractBorder::paintBorder (1 bytes)
Event: 328,282 Thread 0x00007f83c4190800 nmethod 2598 0x00007f83ad351d10 code [0x00007f83ad351ec0, 0x00007f83ad351fd0]
Event: 328,282 Thread 0x00007f83c4190800 2599   !   3       sun.java2d.pipe.DrawImage::renderImageCopy (147 bytes)
Event: 328,284 Thread 0x00007f83c4190800 nmethod 2599 0x00007f83ad352090 code [0x00007f83ad352300, 0x00007f83ad352fd0]
Event: 328,284 Thread 0x00007f83c4190800 2600       3       sun.java2d.pipe.DrawImage::blitSurfaceData (177 bytes)
Event: 328,285 Thread 0x00007f83c4190800 nmethod 2600 0x00007f83ad353510 code [0x00007f83ad3537c0, 0x00007f83ad354b50]
Event: 330,283 Thread 0x00007f83c4190800 2601       3       java.util.concurrent.locks.ReentrantLock::newCondition (8 bytes)
Event: 330,283 Thread 0x00007f83c4190800 nmethod 2601 0x00007f83ad355190 code [0x00007f83ad355360, 0x00007f83ad355670]
Event: 330,283 Thread 0x00007f83c4190800 2602       3       java.util.concurrent.locks.ReentrantLock$Sync::newCondition (9 bytes)
Event: 330,283 Thread 0x00007f83c4190800 nmethod 2602 0x00007f83ad355790 code [0x00007f83ad355960, 0x00007f83ad355bf0]
Event: 338,295 Thread 0x00007f83c418e000 2603   !   4       sun.awt.X11.XToolkit::callTimeoutTasks (220 bytes)
Event: 338,296 Thread 0x00007f83c418e000 nmethod 2603 0x00007f83b4426f90 code [0x00007f83b4427140, 0x00007f83b44271e8]
Event: 339,766 Thread 0x00007f83c4190800 2604  s    3       java.util.Vector::iterator (9 bytes)
Event: 339,767 Thread 0x00007f83c4190800 nmethod 2604 0x00007f83ad355d10 code [0x00007f83ad355ee0, 0x00007f83ad356330]
Event: 339,767 Thread 0x00007f83c4190800 2605       3       java.util.Vector$Itr::<init> (26 bytes)
Event: 339,767 Thread 0x00007f83c4190800 nmethod 2605 0x00007f83ad356410 code [0x00007f83ad3565c0, 0x00007f83ad3567b0]

GC Heap History (2 events):
Event: 3,788 GC heap before
{Heap before GC invocations=0 (full 0):
 garbage-first heap   total 131072K, used 15048K [0x0000000083e00000, 0x0000000100000000)
  region size 1024K, 14 young (14336K), 0 survivors (0K)
 Metaspace       used 7274K, capacity 7765K, committed 7936K, reserved 1056768K
  class space    used 747K, capacity 949K, committed 1024K, reserved 1048576K
}
Event: 3,800 GC heap after
{Heap after GC invocations=1 (full 0):
 garbage-first heap   total 131072K, used 3001K [0x0000000083e00000, 0x0000000100000000)
  region size 1024K, 2 young (2048K), 2 survivors (2048K)
 Metaspace       used 7274K, capacity 7765K, committed 7936K, reserved 1056768K
  class space    used 747K, capacity 949K, committed 1024K, reserved 1048576K
}

Deoptimization events (20 events):
Event: 15,593 Thread 0x00007f83c44d1000 Uncommon trap: trap_request=0xffffffde fr.pc=0x00007f83b4349bd8 relative=0x00000000000001b8
Event: 15,593 Thread 0x00007f83c44d1000 Uncommon trap: reason=class_check action=maybe_recompile pc=0x00007f83b4349bd8 method=java.lang.String.equals(Ljava/lang/Object;)Z @ 8 c2
Event: 15,593 Thread 0x00007f83c44d1000 DEOPT PACKING pc=0x00007f83b4349bd8 sp=0x00007f8370a8a0f0
Event: 15,593 Thread 0x00007f83c44d1000 DEOPT UNPACKING pc=0x00007f83ac8ae425 sp=0x00007f8370a8a0b8 mode 2
Event: 15,593 Thread 0x00007f83c44d1000 Uncommon trap: trap_request=0xffffffde fr.pc=0x00007f83b4349bd8 relative=0x00000000000001b8
Event: 15,593 Thread 0x00007f83c44d1000 Uncommon trap: reason=class_check action=maybe_recompile pc=0x00007f83b4349bd8 method=java.lang.String.equals(Ljava/lang/Object;)Z @ 8 c2
Event: 15,593 Thread 0x00007f83c44d1000 DEOPT PACKING pc=0x00007f83b4349bd8 sp=0x00007f8370a8a0f0
Event: 15,593 Thread 0x00007f83c44d1000 DEOPT UNPACKING pc=0x00007f83ac8ae425 sp=0x00007f8370a8a0b8 mode 2
Event: 16,291 Thread 0x00007f83c44d1000 Uncommon trap: trap_request=0xffffffde fr.pc=0x00007f83b4349bd8 relative=0x00000000000001b8
Event: 16,291 Thread 0x00007f83c44d1000 Uncommon trap: reason=class_check action=maybe_recompile pc=0x00007f83b4349bd8 method=java.lang.String.equals(Ljava/lang/Object;)Z @ 8 c2
Event: 16,291 Thread 0x00007f83c44d1000 DEOPT PACKING pc=0x00007f83b4349bd8 sp=0x00007f8370a89c80
Event: 16,291 Thread 0x00007f83c44d1000 DEOPT UNPACKING pc=0x00007f83ac8ae425 sp=0x00007f8370a89c38 mode 2
Event: 16,291 Thread 0x00007f83c44d1000 Uncommon trap: trap_request=0xffffffde fr.pc=0x00007f83b4349bd8 relative=0x00000000000001b8
Event: 16,291 Thread 0x00007f83c44d1000 Uncommon trap: reason=class_check action=maybe_recompile pc=0x00007f83b4349bd8 method=java.lang.String.equals(Ljava/lang/Object;)Z @ 8 c2
Event: 16,291 Thread 0x00007f83c44d1000 DEOPT PACKING pc=0x00007f83b4349bd8 sp=0x00007f8370a89c80
Event: 16,291 Thread 0x00007f83c44d1000 DEOPT UNPACKING pc=0x00007f83ac8ae425 sp=0x00007f8370a89c38 mode 2
Event: 163,947 Thread 0x00007f83c4018000 Uncommon trap: trap_request=0xffffffcc fr.pc=0x00007f83b43f1d28 relative=0x00000000000002e8
Event: 163,947 Thread 0x00007f83c4018000 Uncommon trap: reason=intrinsic_or_type_checked_inlining action=make_not_entrant pc=0x00007f83b43f1d28 method=java.util.Arrays.copyOf([Ljava/lang/Object;ILjava/lang/Class;)[Ljava/lang/Object; @ 35 c2
Event: 163,947 Thread 0x00007f83c4018000 DEOPT PACKING pc=0x00007f83b43f1d28 sp=0x00007f83c90b4460
Event: 163,947 Thread 0x00007f83c4018000 DEOPT UNPACKING pc=0x00007f83ac8ae425 sp=0x00007f83c90b4400 mode 2

Classes redefined (0 events):
No events

Internal exceptions (20 events):
Event: 3,630 Thread 0x00007f83c4018000 Exception <a 'java/lang/NoSuchMethodError'{0x000000008b06c2b8}: 'java.lang.Object java.lang.invoke.DirectMethodHandle$Holder.invokeStatic(java.lang.Object, java.lang.Object, java.lang.Object, java.lang.Object, java.lang.Object, java.lang.Object, java.lang.Object, java.lang.Object, int, int)'> (0x000000008b06c2b8) thrown at [src/hotspot/share/interpreter/linkResolver.cpp, line 772]
Event: 3,632 Thread 0x00007f83c4018000 Exception <a 'java/lang/NoSuchMethodError'{0x000000008b0787d8}: 'void java.lang.invoke.DirectMethodHandle$Holder.invokeSpecial(java.lang.Object, java.lang.Object)'> (0x000000008b0787d8) thrown at [src/hotspot/share/interpreter/linkResolver.cpp, line 772]
Event: 3,729 Thread 0x00007f83c4018000 Exception <a 'java/lang/NoSuchMethodError'{0x000000008ae0ecd8}: 'java.lang.Object java.lang.invoke.Invokers$Holder.linkToTargetMethod(java.lang.Object, int, java.lang.Object)'> (0x000000008ae0ecd8) thrown at [src/hotspot/share/interpreter/linkResolver.cpp, line 772]
Event: 3,769 Thread 0x00007f83c4018000 Exception <a 'java/lang/ClassNotFoundException'{0x000000008ae7de60}: com/sun/swing/internal/plaf/metal/resources/spi/metalProvider> (0x000000008ae7de60) thrown at [src/hotspot/share/classfile/systemDictionary.cpp, line 231]
Event: 3,776 Thread 0x00007f83c4018000 Exception <a 'java/lang/ClassNotFoundException'{0x000000008ae85fe0}: com/sun/swing/internal/plaf/basic/resources/spi/basicProvider> (0x000000008ae85fe0) thrown at [src/hotspot/share/classfile/systemDictionary.cpp, line 231]
Event: 3,783 Thread 0x00007f83c4018000 Exception <a 'java/lang/NoSuchMethodError'{0x000000008aec6d60}: 'java.lang.Object java.lang.invoke.DirectMethodHandle$Holder.invokeStatic(java.lang.Object, java.lang.Object, java.lang.Object, java.lang.Object, java.lang.Object, java.lang.Object, java.lang.Object, java.lang.Object, java.lang.Object, java.lang.Object, java.lang.Object, int)'> (0x000000008aec6d60) thrown at [src/hotspot/share/interpreter/linkResolver.cpp, line 772]
Event: 3,786 Thread 0x00007f83c4018000 Exception <a 'java/lang/NoSuchMethodError'{0x000000008aee8d58}: 'java.lang.Object java.lang.invoke.DirectMethodHandle$Holder.invokeStatic(java.lang.Object, java.lang.Object, java.lang.Object, java.lang.Object, java.lang.Object, java.lang.Object, java.lang.Object, java.lang.Object, java.lang.Object, java.lang.Object, java.lang.Object, int, int)'> (0x000000008aee8d58) thrown at [src/hotspot/share/interpreter/linkResolver.cpp, line 772]
Event: 3,802 Thread 0x00007f83c4018000 Exception <a 'java/lang/NoSuchMethodError'{0x000000008bb090c0}: 'java.lang.Object java.lang.invoke.DirectMethodHandle$Holder.invokeStatic(java.lang.Object, java.lang.Object, java.lang.Object, java.lang.Object, java.lang.Object, java.lang.Object, java.lang.Object, java.lang.Object, java.lang.Object, java.lang.Object, java.lang.Object, int, int, java.lang.Object)'> (0x000000008bb090c0) thrown at [src/hotspot/share/interpreter/linkResolver.cpp, line 772]
Event: 3,804 Thread 0x00007f83c4018000 Exception <a 'java/lang/NoSuchMethodError'{0x000000008bb2a740}: 'java.lang.Object java.lang.invoke.DirectMethodHandle$Holder.invokeStatic(java.lang.Object, java.lang.Object, java.lang.Object, java.lang.Object, java.lang.Object, java.lang.Object, java.lang.Object, java.lang.Object, java.lang.Object, java.lang.Object, java.lang.Object, int, int, java.lang.Object, java.lang.Object)'> (0x000000008bb2a740) thrown at [src/hotspot/share/interpreter/linkResolver.cpp, line 772]
Event: 4,143 Thread 0x00007f83c4018000 Exception <a 'java/lang/NoSuchMethodError'{0x000000008b9b5cc8}: 'java.lang.Object java.lang.invoke.DirectMethodHandle$Holder.invokeSpecial(java.lang.Object, java.lang.Object, int, int, java.lang.Object, java.lang.Object, java.lang.Object, java.lang.Object, java.lang.Object)'> (0x000000008b9b5cc8) thrown at [src/hotspot/share/interpreter/linkResolver.cpp, line 772]
Event: 4,143 Thread 0x00007f83c4018000 Exception <a 'java/lang/NoSuchMethodError'{0x000000008b9b9958}: 'java.lang.Object java.lang.invoke.DelegatingMethodHandle$Holder.reinvoke_L(java.lang.Object, int, int, java.lang.Object, java.lang.Object, java.lang.Object, java.lang.Object, java.lang.Object)'> (0x000000008b9b9958) thrown at [src/hotspot/share/interpreter/linkResolver.cpp, line 772]
Event: 4,150 Thread 0x00007f83c4018000 Exception <a 'java/lang/NoSuchMethodError'{0x000000008b809c60}: 'java.lang.Object java.lang.invoke.DirectMethodHandle$Holder.invokeStatic(java.lang.Object, java.lang.Object, java.lang.Object, java.lang.Object, java.lang.Object, java.lang.Object, java.lang.Object, java.lang.Object, java.lang.Object, java.lang.Object, int, int, java.lang.Object, java.lang.Object)'> (0x000000008b809c60) thrown at [src/hotspot/share/interpreter/linkResolver.cpp, line 772]
Event: 4,154 Thread 0x00007f83c4018000 Exception <a 'java/lang/NoSuchMethodError'{0x000000008b82b558}: 'java.lang.Object java.lang.invoke.DirectMethodHandle$Holder.invokeStatic(java.lang.Object, java.lang.Object, java.lang.Object, java.lang.Object, java.lang.Object, java.lang.Object, java.lang.Object, java.lang.Object, java.lang.Object, java.lang.Object, int, int, java.lang.Object, java.lang.Object, java.lang.Object)'> (0x000000008b82b558) thrown at [src/hotspot/share/interpreter/linkResolver.cpp, line 772]
Event: 4,160 Thread 0x00007f83c4018000 Exception <a 'java/lang/NoSuchMethodError'{0x000000008b85e2d0}: 'java.lang.Object java.lang.invoke.Invokers$Holder.linkToTargetMethod(java.lang.Object, java.lang.Object, java.lang.Object, java.lang.Object, java.lang.Object, java.lang.Object)'> (0x000000008b85e2d0) thrown at [src/hotspot/share/interpreter/linkResolver.cpp, line 772]
Event: 4,172 Thread 0x00007f83c4018000 Exception <a 'java/lang/NoSuchMethodError'{0x000000008b8caf68}: 'java.lang.Object java.lang.invoke.DirectMethodHandle$Holder.invokeSpecial(java.lang.Object, java.lang.Object, int, int, java.lang.Object, java.lang.Object, java.lang.Object, java.lang.Object)'> (0x000000008b8caf68) thrown at [src/hotspot/share/interpreter/linkResolver.cpp, line 772]
Event: 4,172 Thread 0x00007f83c4018000 Exception <a 'java/lang/NoSuchMethodError'{0x000000008b8ce948}: 'java.lang.Object java.lang.invoke.DelegatingMethodHandle$Holder.reinvoke_L(java.lang.Object, int, int, java.lang.Object, java.lang.Object, java.lang.Object, java.lang.Object)'> (0x000000008b8ce948) thrown at [src/hotspot/share/interpreter/linkResolver.cpp, line 772]
Event: 4,263 Thread 0x00007f83c4018000 Exception <a 'java/lang/NoSuchMethodError'{0x000000008b7ea7b8}: 'java.lang.Object java.lang.invoke.DirectMethodHandle$Holder.invokeStatic(java.lang.Object, java.lang.Object, java.lang.Object, java.lang.Object, java.lang.Object, java.lang.Object, java.lang.Object, java.lang.Object, java.lang.Object, java.lang.Object, java.lang.Object, java.lang.Object, java.lang.Object, int)'> (0x000000008b7ea7b8) thrown at [src/hotspot/share/interpreter/linkResolver.cpp, line 772]
Event: 4,267 Thread 0x00007f83c4018000 Exception <a 'java/lang/NoSuchMethodError'{0x000000008b7f7f98}: 'java.lang.Object java.lang.invoke.DirectMethodHandle$Holder.invokeStatic(java.lang.Object, java.lang.Object, java.lang.Object, java.lang.Object, java.lang.Object, java.lang.Object, java.lang.Object, java.lang.Object, java.lang.Object, java.lang.Object, java.lang.Object, java.lang.Object, java.lang.Object, int, int)'> (0x000000008b7f7f98) thrown at [src/hotspot/share/interpreter/linkResolver.cpp, line 772]
Event: 4,271 Thread 0x00007f83c4018000 Exception <a 'java/lang/NoSuchMethodError'{0x000000008b6060d8}: 'java.lang.Object java.lang.invoke.DirectMethodHandle$Holder.invokeStatic(java.lang.Object, java.lang.Object, java.lang.Object, java.lang.Object, java.lang.Object, java.lang.Object, java.lang.Object, java.lang.Object, java.lang.Object, java.lang.Object, java.lang.Object, java.lang.Object, java.lang.Object, int, int, java.lang.Object)'> (0x000000008b6060d8) thrown at [src/hotspot/share/interpreter/linkResolver.cpp, line 772]
Event: 4,824 Thread 0x00007f83c4018000 Exception <a 'java/lang/NoSuchMethodError'{0x000000008b378d68}: 'void java.lang.invoke.DirectMethodHandle$Holder.invokeStaticInit(java.lang.Object)'> (0x000000008b378d68) thrown at [src/hotspot/share/interpreter/linkResolver.cpp, line 772]

Events (20 events):
Event: 320,526 Executing VM operation: RevokeBias
Event: 320,526 Executing VM operation: RevokeBias done
Event: 320,603 Executing VM operation: RevokeBias
Event: 320,604 Executing VM operation: RevokeBias done
Event: 320,604 Executing VM operation: RevokeBias
Event: 320,605 Executing VM operation: RevokeBias done
Event: 320,605 Executing VM operation: RevokeBias
Event: 320,605 Executing VM operation: RevokeBias done
Event: 320,605 Executing VM operation: RevokeBias
Event: 320,605 Executing VM operation: RevokeBias done
Event: 320,605 Executing VM operation: RevokeBias
Event: 320,605 Executing VM operation: RevokeBias done
Event: 320,605 Executing VM operation: RevokeBias
Event: 320,605 Executing VM operation: RevokeBias done
Event: 320,672 Executing VM operation: RevokeBias
Event: 320,672 Executing VM operation: RevokeBias done
Event: 320,764 Executing VM operation: RevokeBias
Event: 320,764 Executing VM operation: RevokeBias done
Event: 342,039 Thread 0x00007f8368001800 Thread exited: 0x00007f8368001800
Event: 342,041 loading class jdk/internal/misc/Signal$1


Dynamic libraries:
83e00000-8bc00000 rw-p 00000000 00:00 0 
8bc00000-ffe00000 ---p 00000000 00:00 0 
ffe00000-ffe47000 rw-p 01111000 08:04 6424008                            /usr/lib/jvm/java-11-openjdk-amd64/lib/server/classes.jsa
ffe47000-fff00000 rw-p 00000000 00:00 0 
fff00000-fff6b000 rw-p 010a6000 08:04 6424008                            /usr/lib/jvm/java-11-openjdk-amd64/lib/server/classes.jsa
fff6b000-100000000 rw-p 00000000 00:00 0 
800000000-800002000 rwxp 00001000 08:04 6424008                          /usr/lib/jvm/java-11-openjdk-amd64/lib/server/classes.jsa
800002000-8010a5000 rw-p 00003000 08:04 6424008                          /usr/lib/jvm/java-11-openjdk-amd64/lib/server/classes.jsa
840000000-8401e0000 rw-p 00000000 00:00 0 
8401e0000-880000000 ---p 00000000 00:00 0 
55afb6941000-55afb6942000 r--p 00000000 08:04 6300532                    /usr/lib/jvm/java-11-openjdk-amd64/bin/java
55afb6942000-55afb6943000 r-xp 00001000 08:04 6300532                    /usr/lib/jvm/java-11-openjdk-amd64/bin/java
55afb6943000-55afb6944000 r--p 00002000 08:04 6300532                    /usr/lib/jvm/java-11-openjdk-amd64/bin/java
55afb6944000-55afb6945000 r--p 00002000 08:04 6300532                    /usr/lib/jvm/java-11-openjdk-amd64/bin/java
55afb6945000-55afb6946000 rw-p 00003000 08:04 6300532                    /usr/lib/jvm/java-11-openjdk-amd64/bin/java
55afb731a000-55afb733b000 rw-p 00000000 00:00 0                          [heap]
7f832c000000-7f832c025000 rw-p 00000000 00:00 0 
7f832c025000-7f8330000000 ---p 00000000 00:00 0 
7f8330000000-7f8330021000 rw-p 00000000 00:00 0 
7f8330021000-7f8334000000 ---p 00000000 00:00 0 
7f8334000000-7f8334021000 rw-p 00000000 00:00 0 
7f8334021000-7f8338000000 ---p 00000000 00:00 0 
7f8338000000-7f8338021000 rw-p 00000000 00:00 0 
7f8338021000-7f833c000000 ---p 00000000 00:00 0 
7f833c000000-7f833c021000 rw-p 00000000 00:00 0 
7f833c021000-7f8340000000 ---p 00000000 00:00 0 
7f8340000000-7f8340021000 rw-p 00000000 00:00 0 
7f8340021000-7f8344000000 ---p 00000000 00:00 0 
7f8344000000-7f8344021000 rw-p 00000000 00:00 0 
7f8344021000-7f8348000000 ---p 00000000 00:00 0 
7f8348000000-7f8348021000 rw-p 00000000 00:00 0 
7f8348021000-7f834c000000 ---p 00000000 00:00 0 
7f834c000000-7f834c021000 rw-p 00000000 00:00 0 
7f834c021000-7f8350000000 ---p 00000000 00:00 0 
7f8350000000-7f8350021000 rw-p 00000000 00:00 0 
7f8350021000-7f8354000000 ---p 00000000 00:00 0 
7f8354000000-7f8354021000 rw-p 00000000 00:00 0 
7f8354021000-7f8358000000 ---p 00000000 00:00 0 
7f8358000000-7f8358021000 rw-p 00000000 00:00 0 
7f8358021000-7f835c000000 ---p 00000000 00:00 0 
7f835c000000-7f835c021000 rw-p 00000000 00:00 0 
7f835c021000-7f8360000000 ---p 00000000 00:00 0 
7f8360000000-7f8360021000 rw-p 00000000 00:00 0 
7f8360021000-7f8364000000 ---p 00000000 00:00 0 
7f8364000000-7f8364021000 rw-p 00000000 00:00 0 
7f8364021000-7f8368000000 ---p 00000000 00:00 0 
7f8368000000-7f8368021000 rw-p 00000000 00:00 0 
7f8368021000-7f836c000000 ---p 00000000 00:00 0 
7f836c000000-7f836c021000 rw-p 00000000 00:00 0 
7f836c021000-7f8370000000 ---p 00000000 00:00 0 
7f837048f000-7f837060f000 rw-p 00000000 00:00 0 
7f837060f000-7f837068f000 ---p 00000000 00:00 0 
7f837068f000-7f8370693000 ---p 00000000 00:00 0 
7f8370693000-7f8370990000 rw-p 00000000 00:00 0 
7f8370990000-7f8370994000 ---p 00000000 00:00 0 
7f8370994000-7f8370a91000 rw-p 00000000 00:00 0 
7f8370a91000-7f8370a95000 ---p 00000000 00:00 0 
7f8370a95000-7f8370d92000 rw-p 00000000 00:00 0 
7f8370d92000-7f8370d96000 ---p 00000000 00:00 0 
7f8370d96000-7f8370e93000 rw-p 00000000 00:00 0 
7f8370e93000-7f8370e94000 ---p 00000000 00:00 0 
7f8370e94000-7f8370f95000 rw-p 00000000 00:00 0 
7f8370f95000-7f8370f96000 ---p 00000000 00:00 0 
7f8370f96000-7f8371097000 rw-p 00000000 00:00 0 
7f8371097000-7f837109b000 ---p 00000000 00:00 0 
7f837109b000-7f8371198000 rw-p 00000000 00:00 0 
7f8371198000-7f837119c000 ---p 00000000 00:00 0 
7f837119c000-7f8371299000 rw-p 00000000 00:00 0 
7f8371299000-7f837129b000 r--p 00000000 08:04 6298578                    /usr/lib/x86_64-linux-gnu/libXfixes.so.3.1.0
7f837129b000-7f837129e000 r-xp 00002000 08:04 6298578                    /usr/lib/x86_64-linux-gnu/libXfixes.so.3.1.0
7f837129e000-7f837129f000 r--p 00005000 08:04 6298578                    /usr/lib/x86_64-linux-gnu/libXfixes.so.3.1.0
7f837129f000-7f83712a0000 r--p 00005000 08:04 6298578                    /usr/lib/x86_64-linux-gnu/libXfixes.so.3.1.0
7f83712a0000-7f83712a1000 rw-p 00006000 08:04 6298578                    /usr/lib/x86_64-linux-gnu/libXfixes.so.3.1.0
7f83712a1000-7f83712a4000 r--p 00000000 08:04 6298570                    /usr/lib/x86_64-linux-gnu/libXcursor.so.1.0.2
7f83712a4000-7f83712aa000 r-xp 00003000 08:04 6298570                    /usr/lib/x86_64-linux-gnu/libXcursor.so.1.0.2
7f83712aa000-7f83712ac000 r--p 00009000 08:04 6298570                    /usr/lib/x86_64-linux-gnu/libXcursor.so.1.0.2
7f83712ac000-7f83712ad000 r--p 0000a000 08:04 6298570                    /usr/lib/x86_64-linux-gnu/libXcursor.so.1.0.2
7f83712ad000-7f83712ae000 rw-p 0000b000 08:04 6298570                    /usr/lib/x86_64-linux-gnu/libXcursor.so.1.0.2
7f83712c0000-7f83712c1000 ---p 00000000 00:00 0 
7f83712c1000-7f8371ac1000 rw-p 00000000 00:00 0 
7f8371ac1000-7f8371ac2000 ---p 00000000 00:00 0 
7f8371ac2000-7f83722c2000 rw-p 00000000 00:00 0 
7f83722c2000-7f83722c3000 ---p 00000000 00:00 0 
7f83722c3000-7f8372ac3000 rw-p 00000000 00:00 0 
7f8372ac3000-7f8372ac7000 r--p 00000000 08:04 14816165                   /home/rodrigo/.config/dconf/user
7f8372ac7000-7f8372ae2000 r--p 00000000 08:04 8654119                    /usr/share/locale-langpack/pt/LC_MESSAGES/libc.mo
7f8372ae2000-7f8372b01000 r--p 00000000 08:04 8654016                    /usr/share/locale-langpack/pt/LC_MESSAGES/glib20.mo
7f8372b01000-7f8372b32000 r--p 00000000 08:04 7735024                    /usr/share/glib-2.0/schemas/gschemas.compiled
7f8372b32000-7f8372b51000 r--p 00000000 08:04 8654436                    /usr/share/locale-langpack/pt_BR/LC_MESSAGES/glib20.mo
7f8372b51000-7f8372b53000 r--p 00000000 08:04 6299584                    /usr/lib/x86_64-linux-gnu/libpcre2-8.so.0.9.0
7f8372b53000-7f8372bb7000 r-xp 00002000 08:04 6299584                    /usr/lib/x86_64-linux-gnu/libpcre2-8.so.0.9.0
7f8372bb7000-7f8372bdf000 r--p 00066000 08:04 6299584                    /usr/lib/x86_64-linux-gnu/libpcre2-8.so.0.9.0
7f8372bdf000-7f8372be0000 r--p 0008d000 08:04 6299584                    /usr/lib/x86_64-linux-gnu/libpcre2-8.so.0.9.0
7f8372be0000-7f8372be1000 rw-p 0008e000 08:04 6299584                    /usr/lib/x86_64-linux-gnu/libpcre2-8.so.0.9.0
7f8372be1000-7f8372beb000 r--p 00000000 08:04 6298711                    /usr/lib/x86_64-linux-gnu/libblkid.so.1.1.0
7f8372beb000-7f8372c21000 r-xp 0000a000 08:04 6298711                    /usr/lib/x86_64-linux-gnu/libblkid.so.1.1.0
7f8372c21000-7f8372c31000 r--p 00040000 08:04 6298711                    /usr/lib/x86_64-linux-gnu/libblkid.so.1.1.0
7f8372c31000-7f8372c32000 ---p 00050000 08:04 6298711                    /usr/lib/x86_64-linux-gnu/libblkid.so.1.1.0
7f8372c32000-7f8372c37000 r--p 00050000 08:04 6298711                    /usr/lib/x86_64-linux-gnu/libblkid.so.1.1.0
7f8372c37000-7f8372c38000 rw-p 00055000 08:04 6298711                    /usr/lib/x86_64-linux-gnu/libblkid.so.1.1.0
7f8372c38000-7f8372c3a000 r--p 00000000 08:04 6298964                    /usr/lib/x86_64-linux-gnu/libffi.so.7.1.0
7f8372c3a000-7f8372c40000 r-xp 00002000 08:04 6298964                    /usr/lib/x86_64-linux-gnu/libffi.so.7.1.0
7f8372c40000-7f8372c41000 r--p 00008000 08:04 6298964                    /usr/lib/x86_64-linux-gnu/libffi.so.7.1.0
7f8372c41000-7f8372c42000 ---p 00009000 08:04 6298964                    /usr/lib/x86_64-linux-gnu/libffi.so.7.1.0
7f8372c42000-7f8372c43000 r--p 00009000 08:04 6298964                    /usr/lib/x86_64-linux-gnu/libffi.so.7.1.0
7f8372c43000-7f8372c44000 rw-p 0000a000 08:04 6298964                    /usr/lib/x86_64-linux-gnu/libffi.so.7.1.0
7f8372c44000-7f8372c48000 r--p 00000000 08:04 6299682                    /usr/lib/x86_64-linux-gnu/libresolv-2.31.so
7f8372c48000-7f8372c58000 r-xp 00004000 08:04 6299682                    /usr/lib/x86_64-linux-gnu/libresolv-2.31.so
7f8372c58000-7f8372c5b000 r--p 00014000 08:04 6299682                    /usr/lib/x86_64-linux-gnu/libresolv-2.31.so
7f8372c5b000-7f8372c5c000 ---p 00017000 08:04 6299682                    /usr/lib/x86_64-linux-gnu/libresolv-2.31.so
7f8372c5c000-7f8372c5d000 r--p 00017000 08:04 6299682                    /usr/lib/x86_64-linux-gnu/libresolv-2.31.so
7f8372c5d000-7f8372c5e000 rw-p 00018000 08:04 6299682                    /usr/lib/x86_64-linux-gnu/libresolv-2.31.so
7f8372c5e000-7f8372c60000 rw-p 00000000 00:00 0 
7f8372c60000-7f8372c66000 r--p 00000000 08:04 6299738                    /usr/lib/x86_64-linux-gnu/libselinux.so.1
7f8372c66000-7f8372c7f000 r-xp 00006000 08:04 6299738                    /usr/lib/x86_64-linux-gnu/libselinux.so.1
7f8372c7f000-7f8372c86000 r--p 0001f000 08:04 6299738                    /usr/lib/x86_64-linux-gnu/libselinux.so.1
7f8372c86000-7f8372c87000 ---p 00026000 08:04 6299738                    /usr/lib/x86_64-linux-gnu/libselinux.so.1
7f8372c87000-7f8372c88000 r--p 00026000 08:04 6299738                    /usr/lib/x86_64-linux-gnu/libselinux.so.1
7f8372c88000-7f8372c89000 rw-p 00027000 08:04 6299738                    /usr/lib/x86_64-linux-gnu/libselinux.so.1
7f8372c89000-7f8372c8b000 rw-p 00000000 00:00 0 
7f8372c8b000-7f8372c96000 r--p 00000000 08:04 6299401                    /usr/lib/x86_64-linux-gnu/libmount.so.1.1.0
7f8372c96000-7f8372cd4000 r-xp 0000b000 08:04 6299401                    /usr/lib/x86_64-linux-gnu/libmount.so.1.1.0
7f8372cd4000-7f8372ce7000 r--p 00049000 08:04 6299401                    /usr/lib/x86_64-linux-gnu/libmount.so.1.1.0
7f8372ce7000-7f8372cea000 r--p 0005b000 08:04 6299401                    /usr/lib/x86_64-linux-gnu/libmount.so.1.1.0
7f8372cea000-7f8372ceb000 rw-p 0005e000 08:04 6299401                    /usr/lib/x86_64-linux-gnu/libmount.so.1.1.0
7f8372ceb000-7f8372cec000 r--p 00000000 08:04 6291853                    /usr/lib/x86_64-linux-gnu/libgmodule-2.0.so.0.6400.6
7f8372cec000-7f8372cee000 r-xp 00001000 08:04 6291853                    /usr/lib/x86_64-linux-gnu/libgmodule-2.0.so.0.6400.6
7f8372cee000-7f8372cef000 r--p 00003000 08:04 6291853                    /usr/lib/x86_64-linux-gnu/libgmodule-2.0.so.0.6400.6
7f8372cef000-7f8372cf0000 r--p 00003000 08:04 6291853                    /usr/lib/x86_64-linux-gnu/libgmodule-2.0.so.0.6400.6
7f8372cf0000-7f8372cf1000 rw-p 00004000 08:04 6291853                    /usr/lib/x86_64-linux-gnu/libgmodule-2.0.so.0.6400.6
7f8372cf1000-7f8372cff000 r--p 00000000 08:04 6291854                    /usr/lib/x86_64-linux-gnu/libgobject-2.0.so.0.6400.6
7f8372cff000-7f8372d35000 r-xp 0000e000 08:04 6291854                    /usr/lib/x86_64-linux-gnu/libgobject-2.0.so.0.6400.6
7f8372d35000-7f8372d4d000 r--p 00044000 08:04 6291854                    /usr/lib/x86_64-linux-gnu/libgobject-2.0.so.0.6400.6
7f8372d4d000-7f8372d50000 r--p 0005b000 08:04 6291854                    /usr/lib/x86_64-linux-gnu/libgobject-2.0.so.0.6400.6
7f8372d50000-7f8372d51000 rw-p 0005e000 08:04 6291854                    /usr/lib/x86_64-linux-gnu/libgobject-2.0.so.0.6400.6
7f8372d51000-7f8372d89000 r--p 00000000 08:04 6291822                    /usr/lib/x86_64-linux-gnu/libgio-2.0.so.0.6400.6
7f8372d89000-7f8372e9c000 r-xp 00038000 08:04 6291822                    /usr/lib/x86_64-linux-gnu/libgio-2.0.so.0.6400.6
7f8372e9c000-7f8372f26000 r--p 0014b000 08:04 6291822                    /usr/lib/x86_64-linux-gnu/libgio-2.0.so.0.6400.6
7f8372f26000-7f8372f2f000 r--p 001d4000 08:04 6291822                    /usr/lib/x86_64-linux-gnu/libgio-2.0.so.0.6400.6
7f8372f2f000-7f8372f30000 rw-p 001dd000 08:04 6291822                    /usr/lib/x86_64-linux-gnu/libgio-2.0.so.0.6400.6
7f8372f30000-7f8372f32000 rw-p 00000000 00:00 0 
7f8372f32000-7f8372f34000 r--p 00000000 08:04 6299580                    /usr/lib/x86_64-linux-gnu/libpcre.so.3.13.3
7f8372f34000-7f8372f85000 r-xp 00002000 08:04 6299580                    /usr/lib/x86_64-linux-gnu/libpcre.so.3.13.3
7f8372f85000-7f8372fa3000 r--p 00053000 08:04 6299580                    /usr/lib/x86_64-linux-gnu/libpcre.so.3.13.3
7f8372fa3000-7f8372fa4000 r--p 00070000 08:04 6299580                    /usr/lib/x86_64-linux-gnu/libpcre.so.3.13.3
7f8372fa4000-7f8372fa5000 rw-p 00071000 08:04 6299580                    /usr/lib/x86_64-linux-gnu/libpcre.so.3.13.3
7f8372fa5000-7f8372faa000 r--p 00000000 08:04 6299618                    /usr/lib/x86_64-linux-gnu/libpng16.so.16.37.0
7f8372faa000-7f8372fcf000 r-xp 00005000 08:04 6299618                    /usr/lib/x86_64-linux-gnu/libpng16.so.16.37.0
7f8372fcf000-7f8372fdb000 r--p 0002a000 08:04 6299618                    /usr/lib/x86_64-linux-gnu/libpng16.so.16.37.0
7f8372fdb000-7f8372fdc000 r--p 00035000 08:04 6299618                    /usr/lib/x86_64-linux-gnu/libpng16.so.16.37.0
7f8372fdc000-7f8372fdd000 rw-p 00036000 08:04 6299618                    /usr/lib/x86_64-linux-gnu/libpng16.so.16.37.0
7f8372fdd000-7f8372fe0000 r--p 00000000 08:04 6299129                    /usr/lib/x86_64-linux-gnu/libgraphite2.so.3.2.1
7f8372fe0000-7f8373002000 r-xp 00003000 08:04 6299129                    /usr/lib/x86_64-linux-gnu/libgraphite2.so.3.2.1
7f8373002000-7f8373007000 r--p 00025000 08:04 6299129                    /usr/lib/x86_64-linux-gnu/libgraphite2.so.3.2.1
7f8373007000-7f8373009000 r--p 00029000 08:04 6299129                    /usr/lib/x86_64-linux-gnu/libgraphite2.so.3.2.1
7f8373009000-7f837300a000 rw-p 0002b000 08:04 6299129                    /usr/lib/x86_64-linux-gnu/libgraphite2.so.3.2.1
7f837300a000-7f8373026000 r--p 00000000 08:04 6291831                    /usr/lib/x86_64-linux-gnu/libglib-2.0.so.0.6400.6
7f8373026000-7f83730aa000 r-xp 0001c000 08:04 6291831                    /usr/lib/x86_64-linux-gnu/libglib-2.0.so.0.6400.6
7f83730aa000-7f8373130000 r--p 000a0000 08:04 6291831                    /usr/lib/x86_64-linux-gnu/libglib-2.0.so.0.6400.6
7f8373130000-7f8373131000 r--p 00125000 08:04 6291831                    /usr/lib/x86_64-linux-gnu/libglib-2.0.so.0.6400.6
7f8373131000-7f8373132000 rw-p 00126000 08:04 6291831                    /usr/lib/x86_64-linux-gnu/libglib-2.0.so.0.6400.6
7f8373132000-7f8373133000 rw-p 00000000 00:00 0 
7f8373133000-7f837313f000 r--p 00000000 08:04 6298997                    /usr/lib/x86_64-linux-gnu/libfreetype.so.6.17.1
7f837313f000-7f83731bf000 r-xp 0000c000 08:04 6298997                    /usr/lib/x86_64-linux-gnu/libfreetype.so.6.17.1
7f83731bf000-7f83731e9000 r--p 0008c000 08:04 6298997                    /usr/lib/x86_64-linux-gnu/libfreetype.so.6.17.1
7f83731e9000-7f83731ea000 ---p 000b6000 08:04 6298997                    /usr/lib/x86_64-linux-gnu/libfreetype.so.6.17.1
7f83731ea000-7f83731f1000 r--p 000b6000 08:04 6298997                    /usr/lib/x86_64-linux-gnu/libfreetype.so.6.17.1
7f83731f1000-7f83731f2000 rw-p 000bd000 08:04 6298997                    /usr/lib/x86_64-linux-gnu/libfreetype.so.6.17.1
7f83731f2000-7f83731fb000 r--p 00000000 08:04 6299224                    /usr/lib/x86_64-linux-gnu/libharfbuzz.so.0.20600.4
7f83731fb000-7f83732c3000 r-xp 00009000 08:04 6299224                    /usr/lib/x86_64-linux-gnu/libharfbuzz.so.0.20600.4
7f83732c3000-7f83732f4000 r--p 000d1000 08:04 6299224                    /usr/lib/x86_64-linux-gnu/libharfbuzz.so.0.20600.4
7f83732f4000-7f83732f5000 ---p 00102000 08:04 6299224                    /usr/lib/x86_64-linux-gnu/libharfbuzz.so.0.20600.4
7f83732f5000-7f83732f6000 r--p 00102000 08:04 6299224                    /usr/lib/x86_64-linux-gnu/libharfbuzz.so.0.20600.4
7f83732f6000-7f83732f7000 rw-p 00103000 08:04 6299224                    /usr/lib/x86_64-linux-gnu/libharfbuzz.so.0.20600.4
7f83732f7000-7f83732fb000 r--p 00000000 08:04 6949224                    /usr/lib/x86_64-linux-gnu/gio/modules/libdconfsettings.so
7f83732fb000-7f8373303000 r-xp 00004000 08:04 6949224                    /usr/lib/x86_64-linux-gnu/gio/modules/libdconfsettings.so
7f8373303000-7f8373306000 r--p 0000c000 08:04 6949224                    /usr/lib/x86_64-linux-gnu/gio/modules/libdconfsettings.so
7f8373306000-7f8373307000 ---p 0000f000 08:04 6949224                    /usr/lib/x86_64-linux-gnu/gio/modules/libdconfsettings.so
7f8373307000-7f8373308000 r--p 0000f000 08:04 6949224                    /usr/lib/x86_64-linux-gnu/gio/modules/libdconfsettings.so
7f8373308000-7f8373309000 rw-p 00010000 08:04 6949224                    /usr/lib/x86_64-linux-gnu/gio/modules/libdconfsettings.so
7f8373309000-7f837332f000 r--p 00000000 08:04 8654543                    /usr/share/locale-langpack/pt_BR/LC_MESSAGES/libc.mo
7f837332f000-7f8373333000 r--p 00000000 08:04 6298730                    /usr/lib/x86_64-linux-gnu/libbsd.so.0.10.0
7f8373333000-7f8373342000 r-xp 00004000 08:04 6298730                    /usr/lib/x86_64-linux-gnu/libbsd.so.0.10.0
7f8373342000-7f8373345000 r--p 00013000 08:04 6298730                    /usr/lib/x86_64-linux-gnu/libbsd.so.0.10.0
7f8373345000-7f8373346000 ---p 00016000 08:04 6298730                    /usr/lib/x86_64-linux-gnu/libbsd.so.0.10.0
7f8373346000-7f8373347000 r--p 00016000 08:04 6298730                    /usr/lib/x86_64-linux-gnu/libbsd.so.0.10.0
7f8373347000-7f8373348000 rw-p 00017000 08:04 6298730                    /usr/lib/x86_64-linux-gnu/libbsd.so.0.10.0
7f8373348000-7f8373349000 rw-p 00000000 00:00 0 
7f8373349000-7f8373354000 r--p 00000000 08:04 6300036                    /usr/lib/x86_64-linux-gnu/libxcb.so.1.1.0
7f8373354000-7f8373368000 r-xp 0000b000 08:04 6300036                    /usr/lib/x86_64-linux-gnu/libxcb.so.1.1.0
7f8373368000-7f8373371000 r--p 0001f000 08:04 6300036                    /usr/lib/x86_64-linux-gnu/libxcb.so.1.1.0
7f8373371000-7f8373372000 r--p 00027000 08:04 6300036                    /usr/lib/x86_64-linux-gnu/libxcb.so.1.1.0
7f8373372000-7f8373373000 rw-p 00028000 08:04 6300036                    /usr/lib/x86_64-linux-gnu/libxcb.so.1.1.0
7f8373373000-7f8373378000 r-xp 00000000 08:04 6298602                    /usr/lib/x86_64-linux-gnu/libXtst.so.6.1.0
7f8373378000-7f8373577000 ---p 00005000 08:04 6298602                    /usr/lib/x86_64-linux-gnu/libXtst.so.6.1.0
7f8373577000-7f8373578000 r--p 00004000 08:04 6298602                    /usr/lib/x86_64-linux-gnu/libXtst.so.6.1.0
7f8373578000-7f8373579000 rw-p 00005000 08:04 6298602                    /usr/lib/x86_64-linux-gnu/libXtst.so.6.1.0
7f8373579000-7f8373582000 r-xp 00000000 08:04 6298596                    /usr/lib/x86_64-linux-gnu/libXrender.so.1.3.0
7f8373582000-7f8373781000 ---p 00009000 08:04 6298596                    /usr/lib/x86_64-linux-gnu/libXrender.so.1.3.0
7f8373781000-7f8373782000 r--p 00008000 08:04 6298596                    /usr/lib/x86_64-linux-gnu/libXrender.so.1.3.0
7f8373782000-7f8373783000 rw-p 00009000 08:04 6298596                    /usr/lib/x86_64-linux-gnu/libXrender.so.1.3.0
7f8373783000-7f837379b000 r--p 00000000 08:04 6298559                    /usr/lib/x86_64-linux-gnu/libX11.so.6.3.0
7f837379b000-7f8373826000 r-xp 00018000 08:04 6298559                    /usr/lib/x86_64-linux-gnu/libX11.so.6.3.0
7f8373826000-7f83738ba000 r--p 000a3000 08:04 6298559                    /usr/lib/x86_64-linux-gnu/libX11.so.6.3.0
7f83738ba000-7f83738bb000 ---p 00137000 08:04 6298559                    /usr/lib/x86_64-linux-gnu/libX11.so.6.3.0
7f83738bb000-7f83738bc000 r--p 00137000 08:04 6298559                    /usr/lib/x86_64-linux-gnu/libX11.so.6.3.0
7f83738bc000-7f83738c0000 rw-p 00138000 08:04 6298559                    /usr/lib/x86_64-linux-gnu/libX11.so.6.3.0
7f83738c0000-7f83738d0000 r--p 00000000 08:04 6424004                    /usr/lib/jvm/java-11-openjdk-amd64/lib/libawt_xawt.so
7f83738d0000-7f837390f000 r-xp 00010000 08:04 6424004                    /usr/lib/jvm/java-11-openjdk-amd64/lib/libawt_xawt.so
7f837390f000-7f8373921000 r--p 0004f000 08:04 6424004                    /usr/lib/jvm/java-11-openjdk-amd64/lib/libawt_xawt.so
7f8373921000-7f8373922000 r--p 00060000 08:04 6424004                    /usr/lib/jvm/java-11-openjdk-amd64/lib/libawt_xawt.so
7f8373922000-7f8373924000 rw-p 00061000 08:04 6424004                    /usr/lib/jvm/java-11-openjdk-amd64/lib/libawt_xawt.so
7f8373924000-7f8373926000 rw-p 00000000 00:00 0 
7f8373926000-7f8373952000 r--p 00000000 08:04 6423937                    /usr/lib/jvm/java-11-openjdk-amd64/lib/libawt.so
7f8373952000-7f83739bb000 r-xp 0002c000 08:04 6423937                    /usr/lib/jvm/java-11-openjdk-amd64/lib/libawt.so
7f83739bb000-7f83739c7000 r--p 00095000 08:04 6423937                    /usr/lib/jvm/java-11-openjdk-amd64/lib/libawt.so
7f83739c7000-7f83739c8000 ---p 000a1000 08:04 6423937                    /usr/lib/jvm/java-11-openjdk-amd64/lib/libawt.so
7f83739c8000-7f83739c9000 r--p 000a1000 08:04 6423937                    /usr/lib/jvm/java-11-openjdk-amd64/lib/libawt.so
7f83739c9000-7f83739d4000 rw-p 000a2000 08:04 6423937                    /usr/lib/jvm/java-11-openjdk-amd64/lib/libawt.so
7f83739d4000-7f83739f9000 rw-p 00000000 00:00 0 
7f83739f9000-7f83739fa000 ---p 00000000 00:00 0 
7f83739fa000-7f8373afb000 rw-p 00000000 00:00 0 
7f8373afb000-7f8373aff000 ---p 00000000 00:00 0 
7f8373aff000-7f8373bfc000 rw-p 00000000 00:00 0 
7f8373bfc000-7f8373c00000 ---p 00000000 00:00 0 
7f8373c00000-7f8373cfd000 rw-p 00000000 00:00 0 
7f8373cfd000-7f8373d01000 ---p 00000000 00:00 0 
7f8373d01000-7f8373dfe000 rw-p 00000000 00:00 0 
7f8373dfe000-7f8373e02000 ---p 00000000 00:00 0 
7f8373e02000-7f8373eff000 rw-p 00000000 00:00 0 
7f8373eff000-7f8373f03000 ---p 00000000 00:00 0 
7f8373f03000-7f8374000000 rw-p 00000000 00:00 0 
7f8374000000-7f83760f6000 rw-p 00000000 00:00 0 
7f83760f6000-7f8378000000 ---p 00000000 00:00 0 
7f8378000000-7f8378a28000 rw-p 00000000 00:00 0 
7f8378a28000-7f837c000000 ---p 00000000 00:00 0 
7f837c000000-7f837c021000 rw-p 00000000 00:00 0 
7f837c021000-7f8380000000 ---p 00000000 00:00 0 
7f8380000000-7f8380021000 rw-p 00000000 00:00 0 
7f8380021000-7f8384000000 ---p 00000000 00:00 0 
7f8384000000-7f8384021000 rw-p 00000000 00:00 0 
7f8384021000-7f8388000000 ---p 00000000 00:00 0 
7f8388000000-7f8388021000 rw-p 00000000 00:00 0 
7f8388021000-7f838c000000 ---p 00000000 00:00 0 
7f838c000000-7f838c021000 rw-p 00000000 00:00 0 
7f838c021000-7f8390000000 ---p 00000000 00:00 0 
7f8390000000-7f8390036000 rw-p 00000000 00:00 0 
7f8390036000-7f8394000000 ---p 00000000 00:00 0 
7f8394000000-7f8394021000 rw-p 00000000 00:00 0 
7f8394021000-7f8398000000 ---p 00000000 00:00 0 
7f8398000000-7f8398021000 rw-p 00000000 00:00 0 
7f8398021000-7f839c000000 ---p 00000000 00:00 0 
7f839c000000-7f839c002000 r--p 00000000 08:04 6298594                    /usr/lib/x86_64-linux-gnu/libXrandr.so.2.2.0
7f839c002000-7f839c009000 r-xp 00002000 08:04 6298594                    /usr/lib/x86_64-linux-gnu/libXrandr.so.2.2.0
7f839c009000-7f839c00b000 r--p 00009000 08:04 6298594                    /usr/lib/x86_64-linux-gnu/libXrandr.so.2.2.0
7f839c00b000-7f839c00c000 r--p 0000a000 08:04 6298594                    /usr/lib/x86_64-linux-gnu/libXrandr.so.2.2.0
7f839c00c000-7f839c00d000 rw-p 0000b000 08:04 6298594                    /usr/lib/x86_64-linux-gnu/libXrandr.so.2.2.0
7f839c00d000-7f839c00f000 r--p 00000000 08:04 6298574                    /usr/lib/x86_64-linux-gnu/libXdmcp.so.6.0.0
7f839c00f000-7f839c011000 r-xp 00002000 08:04 6298574                    /usr/lib/x86_64-linux-gnu/libXdmcp.so.6.0.0
7f839c011000-7f839c013000 r--p 00004000 08:04 6298574                    /usr/lib/x86_64-linux-gnu/libXdmcp.so.6.0.0
7f839c013000-7f839c014000 r--p 00005000 08:04 6298574                    /usr/lib/x86_64-linux-gnu/libXdmcp.so.6.0.0
7f839c014000-7f839c015000 rw-p 00006000 08:04 6298574                    /usr/lib/x86_64-linux-gnu/libXdmcp.so.6.0.0
7f839c015000-7f839c019000 ---p 00000000 00:00 0 
7f839c019000-7f839c116000 rw-p 00000000 00:00 0 
7f839c116000-7f839c11a000 ---p 00000000 00:00 0 
7f839c11a000-7f839c217000 rw-p 00000000 00:00 0 
7f839c217000-7f839c21b000 ---p 00000000 00:00 0 
7f839c21b000-7f839c318000 rw-p 00000000 00:00 0 
7f839c318000-7f839c31c000 ---p 00000000 00:00 0 
7f839c31c000-7f839c419000 rw-p 00000000 00:00 0 
7f839c419000-7f839d1f7000 r--p 00000000 08:04 6298060                    /usr/lib/locale/locale-archive
7f839d1f7000-7f839d1fb000 ---p 00000000 00:00 0 
7f839d1fb000-7f839d2f8000 rw-p 00000000 00:00 0 
7f839d2f8000-7f839d2fc000 ---p 00000000 00:00 0 
7f839d2fc000-7f839d3f9000 rw-p 00000000 00:00 0 
7f839d3f9000-7f839d3fa000 ---p 00000000 00:00 0 
7f839d3fa000-7f839dcfb000 rw-p 00000000 00:00 0 
7f839dcfb000-7f839dcfc000 ---p 00000000 00:00 0 
7f839dcfc000-7f839ddfd000 rw-p 00000000 00:00 0 
7f839ddfd000-7f839ddfe000 ---p 00000000 00:00 0 
7f839ddfe000-7f83a0000000 rw-p 00000000 00:00 0 
7f83a0000000-7f83a0021000 rw-p 00000000 00:00 0 
7f83a0021000-7f83a4000000 ---p 00000000 00:00 0 
7f83a4003000-7f83a4005000 r--p 00000000 08:04 6298584                    /usr/lib/x86_64-linux-gnu/libXi.so.6.1.0
7f83a4005000-7f83a4010000 r-xp 00002000 08:04 6298584                    /usr/lib/x86_64-linux-gnu/libXi.so.6.1.0
7f83a4010000-7f83a4013000 r--p 0000d000 08:04 6298584                    /usr/lib/x86_64-linux-gnu/libXi.so.6.1.0
7f83a4013000-7f83a4014000 r--p 0000f000 08:04 6298584                    /usr/lib/x86_64-linux-gnu/libXi.so.6.1.0
7f83a4014000-7f83a4015000 rw-p 00010000 08:04 6298584                    /usr/lib/x86_64-linux-gnu/libXi.so.6.1.0
7f83a4015000-7f83a4019000 r--p 00000000 08:04 6298576                    /usr/lib/x86_64-linux-gnu/libXext.so.6.4.0
7f83a4019000-7f83a4024000 r-xp 00004000 08:04 6298576                    /usr/lib/x86_64-linux-gnu/libXext.so.6.4.0
7f83a4024000-7f83a4028000 r--p 0000f000 08:04 6298576                    /usr/lib/x86_64-linux-gnu/libXext.so.6.4.0
7f83a4028000-7f83a4029000 r--p 00012000 08:04 6298576                    /usr/lib/x86_64-linux-gnu/libXext.so.6.4.0
7f83a4029000-7f83a402a000 rw-p 00013000 08:04 6298576                    /usr/lib/x86_64-linux-gnu/libXext.so.6.4.0
7f83a402c000-7f83a4030000 r--p 00000000 08:04 6423941                    /usr/lib/jvm/java-11-openjdk-amd64/lib/libfontmanager.so
7f83a4030000-7f83a4038000 r-xp 00004000 08:04 6423941                    /usr/lib/jvm/java-11-openjdk-amd64/lib/libfontmanager.so
7f83a4038000-7f83a403a000 r--p 0000c000 08:04 6423941                    /usr/lib/jvm/java-11-openjdk-amd64/lib/libfontmanager.so
7f83a403a000-7f83a403b000 r--p 0000d000 08:04 6423941                    /usr/lib/jvm/java-11-openjdk-amd64/lib/libfontmanager.so
7f83a403b000-7f83a403c000 rw-p 0000e000 08:04 6423941                    /usr/lib/jvm/java-11-openjdk-amd64/lib/libfontmanager.so
7f83a403c000-7f83a4044000 r--p 00000000 08:04 6423964                    /usr/lib/jvm/java-11-openjdk-amd64/lib/libsunec.so
7f83a4044000-7f83a405d000 r-xp 00008000 08:04 6423964                    /usr/lib/jvm/java-11-openjdk-amd64/lib/libsunec.so
7f83a405d000-7f83a4067000 r--p 00021000 08:04 6423964                    /usr/lib/jvm/java-11-openjdk-amd64/lib/libsunec.so
7f83a4067000-7f83a4068000 ---p 0002b000 08:04 6423964                    /usr/lib/jvm/java-11-openjdk-amd64/lib/libsunec.so
7f83a4068000-7f83a406c000 r--p 0002b000 08:04 6423964                    /usr/lib/jvm/java-11-openjdk-amd64/lib/libsunec.so
7f83a406c000-7f83a406e000 rw-p 0002f000 08:04 6423964                    /usr/lib/jvm/java-11-openjdk-amd64/lib/libsunec.so
7f83a406e000-7f83a43e8000 rw-p 00000000 00:00 0 
7f83a43e8000-7f83a60f0000 ---p 00000000 00:00 0 
7f83a60f0000-7f83a62f0000 rw-p 00000000 00:00 0 
7f83a62f0000-7f83a7ff8000 ---p 00000000 00:00 0 
7f83a7ff8000-7f83a8000000 rw-p 00000000 00:00 0 
7f83a8000000-7f83a8021000 rw-p 00000000 00:00 0 
7f83a8021000-7f83ac000000 ---p 00000000 00:00 0 
7f83ac003000-7f83ac004000 r--p 00000000 08:04 6298563                    /usr/lib/x86_64-linux-gnu/libXau.so.6.0.0
7f83ac004000-7f83ac006000 r-xp 00001000 08:04 6298563                    /usr/lib/x86_64-linux-gnu/libXau.so.6.0.0
7f83ac006000-7f83ac007000 r--p 00003000 08:04 6298563                    /usr/lib/x86_64-linux-gnu/libXau.so.6.0.0
7f83ac007000-7f83ac008000 r--p 00003000 08:04 6298563                    /usr/lib/x86_64-linux-gnu/libXau.so.6.0.0
7f83ac008000-7f83ac009000 rw-p 00004000 08:04 6298563                    /usr/lib/x86_64-linux-gnu/libXau.so.6.0.0
7f83ac009000-7f83ac00d000 r--p 00000000 08:04 6423958                    /usr/lib/jvm/java-11-openjdk-amd64/lib/libnet.so
7f83ac00d000-7f83ac01c000 r-xp 00004000 08:04 6423958                    /usr/lib/jvm/java-11-openjdk-amd64/lib/libnet.so
7f83ac01c000-7f83ac020000 r--p 00013000 08:04 6423958                    /usr/lib/jvm/java-11-openjdk-amd64/lib/libnet.so
7f83ac020000-7f83ac021000 r--p 00016000 08:04 6423958                    /usr/lib/jvm/java-11-openjdk-amd64/lib/libnet.so
7f83ac021000-7f83ac022000 rw-p 00017000 08:04 6423958                    /usr/lib/jvm/java-11-openjdk-amd64/lib/libnet.so
7f83ac022000-7f83ac029000 r--p 00000000 08:04 6423959                    /usr/lib/jvm/java-11-openjdk-amd64/lib/libnio.so
7f83ac029000-7f83ac031000 r-xp 00007000 08:04 6423959                    /usr/lib/jvm/java-11-openjdk-amd64/lib/libnio.so
7f83ac031000-7f83ac034000 r--p 0000f000 08:04 6423959                    /usr/lib/jvm/java-11-openjdk-amd64/lib/libnio.so
7f83ac034000-7f83ac035000 r--p 00011000 08:04 6423959                    /usr/lib/jvm/java-11-openjdk-amd64/lib/libnio.so
7f83ac035000-7f83ac036000 rw-p 00012000 08:04 6423959                    /usr/lib/jvm/java-11-openjdk-amd64/lib/libnio.so
7f83ac036000-7f83ac293000 rw-p 00000000 00:00 0 
7f83ac293000-7f83ac294000 ---p 00000000 00:00 0 
7f83ac294000-7f83ac395000 rw-p 00000000 00:00 0 
7f83ac395000-7f83ac396000 ---p 00000000 00:00 0 
7f83ac396000-7f83ac4d6000 rw-p 00000000 00:00 0 
7f83ac4d6000-7f83ac877000 ---p 00000000 00:00 0 
7f83ac877000-7f83ac878000 rw-p 00000000 00:00 0 
7f83ac878000-7f83acae8000 rwxp 00000000 00:00 0 
7f83acae8000-7f83ace08000 ---p 00000000 00:00 0 
7f83ace08000-7f83ad358000 rwxp 00000000 00:00 0 
7f83ad358000-7f83b4340000 ---p 00000000 00:00 0 
7f83b4340000-7f83b45b0000 rwxp 00000000 00:00 0 
7f83b45b0000-7f83bb878000 ---p 00000000 00:00 0 
7f83c4000000-7f83c4604000 rw-p 00000000 00:00 0 
7f83c4604000-7f83c8000000 ---p 00000000 00:00 0 
7f83c8003000-7f83c8005000 r--p 00000000 08:04 6423939                    /usr/lib/jvm/java-11-openjdk-amd64/lib/libdt_socket.so
7f83c8005000-7f83c8008000 r-xp 00002000 08:04 6423939                    /usr/lib/jvm/java-11-openjdk-amd64/lib/libdt_socket.so
7f83c8008000-7f83c8009000 r--p 00005000 08:04 6423939                    /usr/lib/jvm/java-11-openjdk-amd64/lib/libdt_socket.so
7f83c8009000-7f83c800a000 ---p 00006000 08:04 6423939                    /usr/lib/jvm/java-11-openjdk-amd64/lib/libdt_socket.so
7f83c800a000-7f83c800b000 r--p 00006000 08:04 6423939                    /usr/lib/jvm/java-11-openjdk-amd64/lib/libdt_socket.so
7f83c800b000-7f83c800c000 rw-p 00007000 08:04 6423939                    /usr/lib/jvm/java-11-openjdk-amd64/lib/libdt_socket.so
7f83c800c000-7f83c8013000 r--s 00000000 08:04 6949098                    /usr/lib/x86_64-linux-gnu/gconv/gconv-modules.cache
7f83c8013000-7f83c8094000 rw-p 00000000 00:00 0 
7f83c8094000-7f83c8435000 ---p 00000000 00:00 0 
7f83c8435000-7f83c8475000 rw-p 00000000 00:00 0 
7f83c8475000-7f83c8816000 ---p 00000000 00:00 0 
7f83c8816000-7f83c8c1b000 rw-p 00000000 00:00 0 
7f83c8c1b000-7f83c8c1c000 ---p 00000000 00:00 0 
7f83c8c1c000-7f83c8d22000 rw-p 00000000 00:00 0 
7f83c8d22000-7f83c8e08000 ---p 00000000 00:00 0 
7f83c8e08000-7f83c8e13000 rw-p 00000000 00:00 0 
7f83c8e13000-7f83c8ef3000 ---p 00000000 00:00 0 
7f83c8ef3000-7f83c8ef8000 rw-p 00000000 00:00 0 
7f83c8ef8000-7f83c8eff000 ---p 00000000 00:00 0 
7f83c8eff000-7f83c8f01000 r--s 0000c000 08:04 7083854                    /usr/share/java/java-atk-wrapper.jar
7f83c8f01000-7f83c8f04000 r--p 00000000 08:04 6299500                    /usr/lib/x86_64-linux-gnu/libnss_files-2.31.so
7f83c8f04000-7f83c8f0b000 r-xp 00003000 08:04 6299500                    /usr/lib/x86_64-linux-gnu/libnss_files-2.31.so
7f83c8f0b000-7f83c8f0d000 r--p 0000a000 08:04 6299500                    /usr/lib/x86_64-linux-gnu/libnss_files-2.31.so
7f83c8f0d000-7f83c8f0e000 r--p 0000b000 08:04 6299500                    /usr/lib/x86_64-linux-gnu/libnss_files-2.31.so
7f83c8f0e000-7f83c8f0f000 rw-p 0000c000 08:04 6299500                    /usr/lib/x86_64-linux-gnu/libnss_files-2.31.so
7f83c8f0f000-7f83c8f15000 rw-p 00000000 00:00 0 
7f83c8f15000-7f83c8f17000 r--p 00000000 08:04 6423967                    /usr/lib/jvm/java-11-openjdk-amd64/lib/libzip.so
7f83c8f17000-7f83c8f1b000 r-xp 00002000 08:04 6423967                    /usr/lib/jvm/java-11-openjdk-amd64/lib/libzip.so
7f83c8f1b000-7f83c8f1d000 r--p 00006000 08:04 6423967                    /usr/lib/jvm/java-11-openjdk-amd64/lib/libzip.so
7f83c8f1d000-7f83c8f1e000 r--p 00007000 08:04 6423967                    /usr/lib/jvm/java-11-openjdk-amd64/lib/libzip.so
7f83c8f1e000-7f83c8f1f000 rw-p 00008000 08:04 6423967                    /usr/lib/jvm/java-11-openjdk-amd64/lib/libzip.so
7f83c8f1f000-7f83c8f27000 rw-s 00000000 08:04 8145694                    /tmp/hsperfdata_rodrigo/98658
7f83c8f27000-7f83c8f29000 r--p 00000000 08:04 6423942                    /usr/lib/jvm/java-11-openjdk-amd64/lib/libinstrument.so
7f83c8f29000-7f83c8f2f000 r-xp 00002000 08:04 6423942                    /usr/lib/jvm/java-11-openjdk-amd64/lib/libinstrument.so
7f83c8f2f000-7f83c8f32000 r--p 00008000 08:04 6423942                    /usr/lib/jvm/java-11-openjdk-amd64/lib/libinstrument.so
7f83c8f32000-7f83c8f33000 r--p 0000a000 08:04 6423942                    /usr/lib/jvm/java-11-openjdk-amd64/lib/libinstrument.so
7f83c8f33000-7f83c8f34000 rw-p 0000b000 08:04 6423942                    /usr/lib/jvm/java-11-openjdk-amd64/lib/libinstrument.so
7f83c8f34000-7f83c8f36000 r--p 00000000 08:04 6423949                    /usr/lib/jvm/java-11-openjdk-amd64/lib/libjdwp.so
7f83c8f36000-7f83c8f62000 r-xp 00002000 08:04 6423949                    /usr/lib/jvm/java-11-openjdk-amd64/lib/libjdwp.so
7f83c8f62000-7f83c8f70000 r--p 0002e000 08:04 6423949                    /usr/lib/jvm/java-11-openjdk-amd64/lib/libjdwp.so
7f83c8f70000-7f83c8f71000 r--p 0003b000 08:04 6423949                    /usr/lib/jvm/java-11-openjdk-amd64/lib/libjdwp.so
7f83c8f71000-7f83c8f72000 rw-p 0003c000 08:04 6423949                    /usr/lib/jvm/java-11-openjdk-amd64/lib/libjdwp.so
7f83c8f72000-7f83c8f73000 ---p 00000000 00:00 0 
7f83c8f73000-7f83c8f74000 r--p 00000000 00:00 0 
7f83c8f74000-7f83c8f76000 r--p 00000000 08:04 6423950                    /usr/lib/jvm/java-11-openjdk-amd64/lib/libjimage.so
7f83c8f76000-7f83c8f79000 r-xp 00002000 08:04 6423950                    /usr/lib/jvm/java-11-openjdk-amd64/lib/libjimage.so
7f83c8f79000-7f83c8f7a000 r--p 00005000 08:04 6423950                    /usr/lib/jvm/java-11-openjdk-amd64/lib/libjimage.so
7f83c8f7a000-7f83c8f7b000 ---p 00006000 08:04 6423950                    /usr/lib/jvm/java-11-openjdk-amd64/lib/libjimage.so
7f83c8f7b000-7f83c8f7c000 r--p 00006000 08:04 6423950                    /usr/lib/jvm/java-11-openjdk-amd64/lib/libjimage.so
7f83c8f7c000-7f83c8f7d000 rw-p 00007000 08:04 6423950                    /usr/lib/jvm/java-11-openjdk-amd64/lib/libjimage.so
7f83c8f7d000-7f83c8f8b000 r--p 00000000 08:04 6423947                    /usr/lib/jvm/java-11-openjdk-amd64/lib/libjava.so
7f83c8f8b000-7f83c8fa1000 r-xp 0000e000 08:04 6423947                    /usr/lib/jvm/java-11-openjdk-amd64/lib/libjava.so
7f83c8fa1000-7f83c8fa8000 r--p 00024000 08:04 6423947                    /usr/lib/jvm/java-11-openjdk-amd64/lib/libjava.so
7f83c8fa8000-7f83c8fa9000 r--p 0002a000 08:04 6423947                    /usr/lib/jvm/java-11-openjdk-amd64/lib/libjava.so
7f83c8fa9000-7f83c8faa000 rw-p 0002b000 08:04 6423947                    /usr/lib/jvm/java-11-openjdk-amd64/lib/libjava.so
7f83c8faa000-7f83c8fab000 rw-p 00000000 00:00 0 
7f83c8fab000-7f83c8fae000 r--p 00000000 08:04 6299702                    /usr/lib/x86_64-linux-gnu/librt-2.31.so
7f83c8fae000-7f83c8fb2000 r-xp 00003000 08:04 6299702                    /usr/lib/x86_64-linux-gnu/librt-2.31.so
7f83c8fb2000-7f83c8fb3000 r--p 00007000 08:04 6299702                    /usr/lib/x86_64-linux-gnu/librt-2.31.so
7f83c8fb3000-7f83c8fb4000 ---p 00008000 08:04 6299702                    /usr/lib/x86_64-linux-gnu/librt-2.31.so
7f83c8fb4000-7f83c8fb5000 r--p 00008000 08:04 6299702                    /usr/lib/x86_64-linux-gnu/librt-2.31.so
7f83c8fb5000-7f83c8fb6000 rw-p 00009000 08:04 6299702                    /usr/lib/x86_64-linux-gnu/librt-2.31.so
7f83c8fb6000-7f83c8fba000 ---p 00000000 00:00 0 
7f83c8fba000-7f83c90b7000 rw-p 00000000 00:00 0 
7f83c90b7000-7f83c90ba000 r--p 00000000 08:04 6299021                    /usr/lib/x86_64-linux-gnu/libgcc_s.so.1
7f83c90ba000-7f83c90cc000 r-xp 00003000 08:04 6299021                    /usr/lib/x86_64-linux-gnu/libgcc_s.so.1
7f83c90cc000-7f83c90d0000 r--p 00015000 08:04 6299021                    /usr/lib/x86_64-linux-gnu/libgcc_s.so.1
7f83c90d0000-7f83c90d1000 r--p 00018000 08:04 6299021                    /usr/lib/x86_64-linux-gnu/libgcc_s.so.1
7f83c90d1000-7f83c90d2000 rw-p 00019000 08:04 6299021                    /usr/lib/x86_64-linux-gnu/libgcc_s.so.1
7f83c90d2000-7f83c90e1000 r--p 00000000 08:04 6299376                    /usr/lib/x86_64-linux-gnu/libm-2.31.so
7f83c90e1000-7f83c9188000 r-xp 0000f000 08:04 6299376                    /usr/lib/x86_64-linux-gnu/libm-2.31.so
7f83c9188000-7f83c921f000 r--p 000b6000 08:04 6299376                    /usr/lib/x86_64-linux-gnu/libm-2.31.so
7f83c921f000-7f83c9220000 r--p 0014c000 08:04 6299376                    /usr/lib/x86_64-linux-gnu/libm-2.31.so
7f83c9220000-7f83c9221000 rw-p 0014d000 08:04 6299376                    /usr/lib/x86_64-linux-gnu/libm-2.31.so
7f83c9221000-7f83c92b7000 r--p 00000000 08:04 6299804                    /usr/lib/x86_64-linux-gnu/libstdc++.so.6.0.28
7f83c92b7000-7f83c93a7000 r-xp 00096000 08:04 6299804                    /usr/lib/x86_64-linux-gnu/libstdc++.so.6.0.28
7f83c93a7000-7f83c93f0000 r--p 00186000 08:04 6299804                    /usr/lib/x86_64-linux-gnu/libstdc++.so.6.0.28
7f83c93f0000-7f83c93f1000 ---p 001cf000 08:04 6299804                    /usr/lib/x86_64-linux-gnu/libstdc++.so.6.0.28
7f83c93f1000-7f83c93fc000 r--p 001cf000 08:04 6299804                    /usr/lib/x86_64-linux-gnu/libstdc++.so.6.0.28
7f83c93fc000-7f83c93ff000 rw-p 001da000 08:04 6299804                    /usr/lib/x86_64-linux-gnu/libstdc++.so.6.0.28
7f83c93ff000-7f83c9402000 rw-p 00000000 00:00 0 
7f83c9402000-7f83c967c000 r--p 00000000 08:04 6423973                    /usr/lib/jvm/java-11-openjdk-amd64/lib/server/libjvm.so
7f83c967c000-7f83ca301000 r-xp 0027a000 08:04 6423973                    /usr/lib/jvm/java-11-openjdk-amd64/lib/server/libjvm.so
7f83ca301000-7f83ca558000 r--p 00eff000 08:04 6423973                    /usr/lib/jvm/java-11-openjdk-amd64/lib/server/libjvm.so
7f83ca558000-7f83ca619000 r--p 01155000 08:04 6423973                    /usr/lib/jvm/java-11-openjdk-amd64/lib/server/libjvm.so
7f83ca619000-7f83ca654000 rw-p 01216000 08:04 6423973                    /usr/lib/jvm/java-11-openjdk-amd64/lib/server/libjvm.so
7f83ca654000-7f83ca6ad000 rw-p 00000000 00:00 0 
7f83ca6ad000-7f83ca6b4000 r--p 00000000 08:04 6299641                    /usr/lib/x86_64-linux-gnu/libpthread-2.31.so
7f83ca6b4000-7f83ca6c5000 r-xp 00007000 08:04 6299641                    /usr/lib/x86_64-linux-gnu/libpthread-2.31.so
7f83ca6c5000-7f83ca6ca000 r--p 00018000 08:04 6299641                    /usr/lib/x86_64-linux-gnu/libpthread-2.31.so
7f83ca6ca000-7f83ca6cb000 r--p 0001c000 08:04 6299641                    /usr/lib/x86_64-linux-gnu/libpthread-2.31.so
7f83ca6cb000-7f83ca6cc000 rw-p 0001d000 08:04 6299641                    /usr/lib/x86_64-linux-gnu/libpthread-2.31.so
7f83ca6cc000-7f83ca6d0000 rw-p 00000000 00:00 0 
7f83ca6d0000-7f83ca6d1000 r--p 00000000 08:04 6298869                    /usr/lib/x86_64-linux-gnu/libdl-2.31.so
7f83ca6d1000-7f83ca6d3000 r-xp 00001000 08:04 6298869                    /usr/lib/x86_64-linux-gnu/libdl-2.31.so
7f83ca6d3000-7f83ca6d4000 r--p 00003000 08:04 6298869                    /usr/lib/x86_64-linux-gnu/libdl-2.31.so
7f83ca6d4000-7f83ca6d5000 r--p 00003000 08:04 6298869                    /usr/lib/x86_64-linux-gnu/libdl-2.31.so
7f83ca6d5000-7f83ca6d6000 rw-p 00004000 08:04 6298869                    /usr/lib/x86_64-linux-gnu/libdl-2.31.so
7f83ca6d6000-7f83ca6d8000 r--p 00000000 08:04 6300066                    /usr/lib/x86_64-linux-gnu/libz.so.1.2.11
7f83ca6d8000-7f83ca6e9000 r-xp 00002000 08:04 6300066                    /usr/lib/x86_64-linux-gnu/libz.so.1.2.11
7f83ca6e9000-7f83ca6ef000 r--p 00013000 08:04 6300066                    /usr/lib/x86_64-linux-gnu/libz.so.1.2.11
7f83ca6ef000-7f83ca6f0000 ---p 00019000 08:04 6300066                    /usr/lib/x86_64-linux-gnu/libz.so.1.2.11
7f83ca6f0000-7f83ca6f1000 r--p 00019000 08:04 6300066                    /usr/lib/x86_64-linux-gnu/libz.so.1.2.11
7f83ca6f1000-7f83ca6f2000 rw-p 0001a000 08:04 6300066                    /usr/lib/x86_64-linux-gnu/libz.so.1.2.11
7f83ca6f2000-7f83ca717000 r--p 00000000 08:04 6298734                    /usr/lib/x86_64-linux-gnu/libc-2.31.so
7f83ca717000-7f83ca88f000 r-xp 00025000 08:04 6298734                    /usr/lib/x86_64-linux-gnu/libc-2.31.so
7f83ca88f000-7f83ca8d9000 r--p 0019d000 08:04 6298734                    /usr/lib/x86_64-linux-gnu/libc-2.31.so
7f83ca8d9000-7f83ca8da000 ---p 001e7000 08:04 6298734                    /usr/lib/x86_64-linux-gnu/libc-2.31.so
7f83ca8da000-7f83ca8dd000 r--p 001e7000 08:04 6298734                    /usr/lib/x86_64-linux-gnu/libc-2.31.so
7f83ca8dd000-7f83ca8e0000 rw-p 001ea000 08:04 6298734                    /usr/lib/x86_64-linux-gnu/libc-2.31.so
7f83ca8e0000-7f83ca8e4000 rw-p 00000000 00:00 0 
7f83ca8e4000-7f83ca8e9000 r--p 00000000 08:04 6423966                    /usr/lib/jvm/java-11-openjdk-amd64/lib/libverify.so
7f83ca8e9000-7f83ca8f0000 r-xp 00005000 08:04 6423966                    /usr/lib/jvm/java-11-openjdk-amd64/lib/libverify.so
7f83ca8f0000-7f83ca8f2000 r--p 0000c000 08:04 6423966                    /usr/lib/jvm/java-11-openjdk-amd64/lib/libverify.so
7f83ca8f2000-7f83ca8f3000 ---p 0000e000 08:04 6423966                    /usr/lib/jvm/java-11-openjdk-amd64/lib/libverify.so
7f83ca8f3000-7f83ca8f5000 r--p 0000e000 08:04 6423966                    /usr/lib/jvm/java-11-openjdk-amd64/lib/libverify.so
7f83ca8f5000-7f83ca8f6000 rw-p 00010000 08:04 6423966                    /usr/lib/jvm/java-11-openjdk-amd64/lib/libverify.so
7f83ca8f6000-7f83ca8f9000 r--p 00000000 08:04 6423932                    /usr/lib/jvm/java-11-openjdk-amd64/lib/jli/libjli.so
7f83ca8f9000-7f83ca903000 r-xp 00003000 08:04 6423932                    /usr/lib/jvm/java-11-openjdk-amd64/lib/jli/libjli.so
7f83ca903000-7f83ca906000 r--p 0000d000 08:04 6423932                    /usr/lib/jvm/java-11-openjdk-amd64/lib/jli/libjli.so
7f83ca906000-7f83ca907000 ---p 00010000 08:04 6423932                    /usr/lib/jvm/java-11-openjdk-amd64/lib/jli/libjli.so
7f83ca907000-7f83ca908000 r--p 00010000 08:04 6423932                    /usr/lib/jvm/java-11-openjdk-amd64/lib/jli/libjli.so
7f83ca908000-7f83ca909000 rw-p 00011000 08:04 6423932                    /usr/lib/jvm/java-11-openjdk-amd64/lib/jli/libjli.so
7f83ca909000-7f83ca90b000 rw-p 00000000 00:00 0 
7f83ca90b000-7f83ca90c000 r--p 00000000 08:04 6298518                    /usr/lib/x86_64-linux-gnu/ld-2.31.so
7f83ca90c000-7f83ca92f000 r-xp 00001000 08:04 6298518                    /usr/lib/x86_64-linux-gnu/ld-2.31.so
7f83ca92f000-7f83ca937000 r--p 00024000 08:04 6298518                    /usr/lib/x86_64-linux-gnu/ld-2.31.so
7f83ca937000-7f83ca938000 r--s 00000000 00:33 107                        /run/user/1000/dconf/user
7f83ca938000-7f83ca939000 r--p 0002c000 08:04 6298518                    /usr/lib/x86_64-linux-gnu/ld-2.31.so
7f83ca939000-7f83ca93a000 rw-p 0002d000 08:04 6298518                    /usr/lib/x86_64-linux-gnu/ld-2.31.so
7f83ca93a000-7f83ca93b000 rw-p 00000000 00:00 0 
7ffe59dcd000-7ffe59dee000 rw-p 00000000 00:00 0                          [stack]
7ffe59df1000-7ffe59df5000 r--p 00000000 00:00 0                          [vvar]
7ffe59df5000-7ffe59df7000 r-xp 00000000 00:00 0                          [vdso]
ffffffffff600000-ffffffffff601000 --xp 00000000 00:00 0                  [vsyscall]


VM Arguments:
jvm_args: -agentlib:jdwp=transport=dt_socket,suspend=y,address=localhost:38301 -javaagent:/home/rodrigo/.eclipse/360744286_linux_gtk_x86_64/configuration/org.eclipse.osgi/222/0/.cp/lib/javaagent-shaded.jar -Dfile.encoding=UTF-8 
java_command: me.acall.view.Teste
java_class_path (initial): /home/rodrigo/Documentos/Dev/FIAP/DDD/ACall-Me/bin
Launcher Type: SUN_STANDARD

[Global flags]
     intx CICompilerCount                          = 3                                         {product} {ergonomic}
     uint ConcGCThreads                            = 1                                         {product} {ergonomic}
     uint G1ConcRefinementThreads                  = 4                                         {product} {ergonomic}
   size_t G1HeapRegionSize                         = 1048576                                   {product} {ergonomic}
    uintx GCDrainStackTargetSize                   = 64                                        {product} {ergonomic}
   size_t InitialHeapSize                          = 132120576                                 {product} {ergonomic}
   size_t MarkStackSize                            = 4194304                                   {product} {ergonomic}
   size_t MaxHeapSize                              = 2082471936                                {product} {ergonomic}
   size_t MaxNewSize                               = 1248854016                                {product} {ergonomic}
   size_t MinHeapDeltaBytes                        = 1048576                                   {product} {ergonomic}
    uintx NonNMethodCodeHeapSize                   = 5830732                                {pd product} {ergonomic}
    uintx NonProfiledCodeHeapSize                  = 122913754                              {pd product} {ergonomic}
    uintx ProfiledCodeHeapSize                     = 122913754                              {pd product} {ergonomic}
    uintx ReservedCodeCacheSize                    = 251658240                              {pd product} {ergonomic}
     bool SegmentedCodeCache                       = true                                      {product} {ergonomic}
     bool UseCompressedClassPointers               = true                                 {lp64_product} {ergonomic}
     bool UseCompressedOops                        = true                                 {lp64_product} {ergonomic}
     bool UseG1GC                                  = true                                      {product} {ergonomic}

Logging:
Log output configuration:
 #0: stdout all=warning uptime,level,tags
 #1: stderr all=off uptime,level,tags

Environment Variables:
PATH=/usr/local/sbin:/usr/local/bin:/usr/sbin:/usr/bin:/sbin:/bin:/usr/games:/usr/local/games:/snap/bin
USERNAME=rodrigo
SHELL=/bin/bash
DISPLAY=:0
LANG=pt_BR.UTF-8

Signal Handlers:
SIGSEGV: [libjvm.so+0xe8ba00], sa_mask[0]=11111111011111111101111111111110, sa_flags=SA_RESTART|SA_SIGINFO
SIGBUS: [libjvm.so+0xe8ba00], sa_mask[0]=11111111011111111101111111111110, sa_flags=SA_RESTART|SA_SIGINFO
SIGFPE: [libjvm.so+0xe8ba00], sa_mask[0]=11111111011111111101111111111110, sa_flags=SA_RESTART|SA_SIGINFO
SIGPIPE: SIG_IGN, sa_mask[0]=00000000000010000000000000000000, sa_flags=SA_RESTART
SIGXFSZ: [libjvm.so+0xbd10f0], sa_mask[0]=11111111011111111101111111111110, sa_flags=SA_RESTART|SA_SIGINFO
SIGILL: [libjvm.so+0xe8ba00], sa_mask[0]=11111111011111111101111111111110, sa_flags=SA_RESTART|SA_SIGINFO
SIGUSR2: [libjvm.so+0xbd0f90], sa_mask[0]=00100000000000000000000000000000, sa_flags=SA_RESTART|SA_SIGINFO
SIGHUP: [libjvm.so+0xbd1430], sa_mask[0]=11111111011111111101111111111110, sa_flags=SA_RESTART|SA_SIGINFO
SIGINT: [libjvm.so+0xbd1430], sa_mask[0]=11111111011111111101111111111110, sa_flags=SA_RESTART|SA_SIGINFO
SIGTERM: [libjvm.so+0xbd1430], sa_mask[0]=11111111011111111101111111111110, sa_flags=SA_RESTART|SA_SIGINFO
SIGQUIT: [libjvm.so+0xbd1430], sa_mask[0]=11111111011111111101111111111110, sa_flags=SA_RESTART|SA_SIGINFO


---------------  S Y S T E M  ---------------

OS:DISTRIB_ID=Ubuntu
DISTRIB_RELEASE=20.04
DISTRIB_CODENAME=focal
DISTRIB_DESCRIPTION="Ubuntu 20.04.2 LTS"
uname:Linux 5.8.0-53-generic #60~20.04.1-Ubuntu SMP Thu May 6 09:52:46 UTC 2021 x86_64
OS uptime: 1 days 22:56 hours
libc:glibc 2.31 NPTL 2.31 
rlimit (soft/hard): STACK 8192k/infinity , CORE 0k/infinity , NPROC 31523/31523 , NOFILE 1048576/1048576 , AS infinity/infinity , CPU infinity/infinity , DATA infinity/infinity , FSIZE infinity/infinity , MEMLOCK 65536k/65536k
load average:3,05 2,20 1,40

/proc/meminfo:
MemTotal:        8129136 kB
MemFree:          247424 kB
MemAvailable:     384788 kB
Buffers:           13120 kB
Cached:           596164 kB
SwapCached:        40252 kB
Active:          5796428 kB
Inactive:         929700 kB
Active(anon):    5602616 kB
Inactive(anon):   797444 kB
Active(file):     193812 kB
Inactive(file):   132256 kB
Unevictable:         136 kB
Mlocked:             128 kB
SwapTotal:       2097148 kB
SwapFree:         507700 kB
Dirty:               604 kB
Writeback:             0 kB
AnonPages:       6084656 kB
Mapped:           523948 kB
Shmem:            285744 kB
KReclaimable:      70304 kB
Slab:             223276 kB
SReclaimable:      70304 kB
SUnreclaim:       152972 kB
KernelStack:       28532 kB
PageTables:        71108 kB
NFS_Unstable:          0 kB
Bounce:                0 kB
WritebackTmp:          0 kB
CommitLimit:     6161716 kB
Committed_AS:   19790412 kB
VmallocTotal:   34359738367 kB
VmallocUsed:       53680 kB
VmallocChunk:          0 kB
Percpu:             3696 kB
HardwareCorrupted:     0 kB
AnonHugePages:         0 kB
ShmemHugePages:        0 kB
ShmemPmdMapped:        0 kB
FileHugePages:         0 kB
FilePmdMapped:         0 kB
HugePages_Total:       0
HugePages_Free:        0
HugePages_Rsvd:        0
HugePages_Surp:        0
Hugepagesize:       2048 kB
Hugetlb:               0 kB
DirectMap4k:     2162684 kB
DirectMap2M:     6203392 kB

/sys/kernel/mm/transparent_hugepage/enabled:
always [madvise] never
/sys/kernel/mm/transparent_hugepage/defrag (defrag/compaction efforts parameter):
always defer defer+madvise [madvise] never

Process Memory:
Virtual Size: 5554148K (peak: 13465208K)
Resident Set Size: 130512K (peak: 139368K) (anon: 94644K, file: 35864K, shmem: 4K)
Swapped out: 0K
C-Heap outstanding allocations: 7865K

/proc/sys/kernel/threads-max (system-wide limit on the number of threads):
63046
/proc/sys/vm/max_map_count (maximum number of memory map areas a process may have):
65530
/proc/sys/kernel/pid_max (system-wide limit on number of process identifiers):
4194304

container (cgroup) information:
container_type: cgroupv1
cpu_cpuset_cpus: 0-3
cpu_memory_nodes: 0
active_processor_count: 4
cpu_quota: -1
cpu_period: 100000
cpu_shares: -1
memory_limit_in_bytes: -1
memory_and_swap_limit_in_bytes: -1
memory_soft_limit_in_bytes: -1
memory_usage_in_bytes: 6930878464
memory_max_usage_in_bytes: 7354183680

Steal ticks since vm start: 0
Steal ticks percentage since vm start:  0,000

CPU:total 4 (initial active 4) (4 cores per cpu, 1 threads per core) family 6 model 42 stepping 7 microcode 0x2f, cmov, cx8, fxsr, mmx, sse, sse2, sse3, ssse3, sse4.1, sse4.2, popcnt, avx, aes, clmul, tsc, tscinvbit
CPU Model and flags from /proc/cpuinfo:
model name	: Intel(R) Core(TM) i5-2400S CPU @ 2.50GHz
flags		: fpu vme de pse tsc msr pae mce cx8 apic sep mtrr pge mca cmov pat pse36 clflush dts acpi mmx fxsr sse sse2 ht tm pbe syscall nx rdtscp lm constant_tsc arch_perfmon pebs bts rep_good nopl xtopology nonstop_tsc cpuid aperfmperf pni pclmulqdq dtes64 monitor ds_cpl vmx smx est tm2 ssse3 cx16 xtpr pdcm pcid sse4_1 sse4_2 x2apic popcnt tsc_deadline_timer aes xsave avx lahf_lm pti ssbd ibrs ibpb stibp tpr_shadow vnmi flexpriority ept vpid xsaveopt dtherm ida arat pln pts md_clear flush_l1d
Online cpus:
0-3
Offline cpus:

BIOS frequency limitation:
<Not Available>
Frequency switch latency (ns):
20000
Available cpu frequencies:
<Not Available>
Current governor:
ondemand
Core performance/turbo boost:
<Not Available>

Memory: 4k page, physical 8129136k(247424k free), swap 2097148k(507700k free)

vm_info: OpenJDK 64-Bit Server VM (11.0.11+9-Ubuntu-0ubuntu2.20.04) for linux-amd64 JRE (11.0.11+9-Ubuntu-0ubuntu2.20.04), built on Apr 21 2021 09:15:32 by "unknown" with gcc 9.3.0

END.
